#
# There is insufficient memory for the Java Runtime Environment to continue.
# Native memory allocation (malloc) failed to allocate 661936 bytes. Error detail: Chunk::new
# Possible reasons:
#   The system is out of physical RAM or swap space
#   This process is running with CompressedOops enabled, and the Java Heap may be blocking the growth of the native heap
# Possible solutions:
#   Reduce memory load on the system
#   Increase physical memory or swap space
#   Check if swap backing store is full
#   Decrease Java heap size (-Xmx/-Xms)
#   Decrease number of Java threads
#   Decrease Java thread stack sizes (-Xss)
#   Set larger code cache with -XX:ReservedCodeCacheSize=
#   JVM is running with Unscaled Compressed Oops mode in which the Java heap is
#     placed in the first 4GB address space. The Java Heap base address is the
#     maximum limit for the native heap growth. Please use -XX:HeapBaseMinAddress
#     to set the Java Heap base and to place the Java Heap above 4GB virtual address.
# This output file may be truncated or incomplete.
#
#  Out of Memory Error (arena.cpp:168), pid=1768, tid=27192
#
# JRE version: OpenJDK Runtime Environment Temurin-21.0.10+7 (21.0.10+7) (build 21.0.10+7-LTS)
# Java VM: OpenJDK 64-Bit Server VM Temurin-21.0.10+7 (21.0.10+7-LTS, mixed mode, sharing, tiered, compressed oops, compressed class ptrs, parallel gc, windows-amd64)
# No core dump will be written. Minidumps are not enabled by default on client versions of Windows
#

---------------  S U M M A R Y ------------

Command Line: --add-modules=ALL-SYSTEM --add-opens=java.base/java.util=ALL-UNNAMED --add-opens=java.base/java.lang=ALL-UNNAMED --add-opens=java.base/sun.nio.fs=ALL-UNNAMED -Declipse.application=org.eclipse.jdt.ls.core.id1 -Dosgi.bundles.defaultStartLevel=4 -Declipse.product=org.eclipse.jdt.ls.core.product -Djava.import.generatesMetadataFilesAtProjectRoot=false -DDetectVMInstallationsJob.disabled=true -Dfile.encoding=utf8 -XX:+UseParallelGC -XX:GCTimeRatio=4 -XX:AdaptiveSizePolicyWeight=90 -Dsun.zip.disableMemoryMapping=true -Xmx2G -Xms100m -Xlog:disable -javaagent:c:\Users\davi4\.windsurf\extensions\redhat.java-1.53.0-win32-x64\lombok\lombok-1.18.39-4050.jar -XX:+HeapDumpOnOutOfMemoryError -XX:HeapDumpPath=c:\Users\davi4\AppData\Roaming\Windsurf\User\workspaceStorage\6f84abe01a6980b6e66c6f0ba35945eb\redhat.java -Daether.dependencyCollector.impl=bf c:\Users\davi4\.windsurf\extensions\redhat.java-1.53.0-win32-x64\server\plugins\org.eclipse.equinox.launcher_1.7.100.v20251111-0406.jar -configuration c:\Users\davi4\AppData\Roaming\Windsurf\User\globalStorage\redhat.java\1.53.0\config_win -data c:\Users\davi4\AppData\Roaming\Windsurf\User\workspaceStorage\6f84abe01a6980b6e66c6f0ba35945eb\redhat.java\jdt_ws --pipe=\\.\pipe\lsp-f7b3bdf7b2ba2ff6833f44d01e0a1065-sock

Host: AMD Ryzen 7 3700X 8-Core Processor             , 16 cores, 31G,  Windows 11 , 64 bit Build 26100 (10.0.26100.7920)
Time: Sat Mar 28 10:37:38 2026 SA Pacific Standard Time elapsed time: 106.828664 seconds (0d 0h 1m 46s)

---------------  T H R E A D  ---------------

Current thread (0x0000029a4b94a6a0):  JavaThread "C2 CompilerThread0" daemon [_thread_in_native, id=27192, stack(0x000000baf6200000,0x000000baf6300000) (1024K)]


Current CompileTask:
C2:106828 12179 % !   4       org.eclipse.jdt.internal.compiler.classfmt.ClassFileReader::<init> @ 81 (1968 bytes)

Stack: [0x000000baf6200000,0x000000baf6300000]
Native frames: (J=compiled Java code, j=interpreted, Vv=VM code, C=native code)
V  [jvm.dll+0x6d7a39]
V  [jvm.dll+0x8b4b26]
V  [jvm.dll+0x8b70de]
V  [jvm.dll+0x8b77c3]
V  [jvm.dll+0x284346]
V  [jvm.dll+0xc66ed]
V  [jvm.dll+0xc6c31]
V  [jvm.dll+0x2fb29e]
V  [jvm.dll+0x5fe884]
V  [jvm.dll+0x255b17]
V  [jvm.dll+0x24df54]
V  [jvm.dll+0x24ba42]
V  [jvm.dll+0x1cb34e]
V  [jvm.dll+0x25b85d]
V  [jvm.dll+0x259dea]
V  [jvm.dll+0x3f857e]
V  [jvm.dll+0x85f59d]
V  [jvm.dll+0x6d626d]
C  [ucrtbase.dll+0x37b0]
C  [KERNEL32.DLL+0x2e8d7]
C  [ntdll.dll+0x8c48c]


---------------  P R O C E S S  ---------------

Threads class SMR info:
_java_thread_list=0x0000029a6e049a50, length=66, elements={
0x0000029a4b89e370, 0x0000029a4b84d510, 0x0000029a4b84e330, 0x0000029a4b945380,
0x0000029a4b945fe0, 0x0000029a4b948e00, 0x0000029a4b949860, 0x0000029a4b94a6a0,
0x0000029a63689460, 0x0000029a637de910, 0x0000029a690119b0, 0x0000029a695c3e40,
0x0000029a695c5880, 0x0000029a695c65a0, 0x0000029a695c5f10, 0x0000029a695c51f0,
0x0000029a695c37b0, 0x0000029a695c44d0, 0x0000029a6b18a6b0, 0x0000029a6b18ba60,
0x0000029a6b18ce10, 0x0000029a6b189990, 0x0000029a6b18e850, 0x0000029a6b18f570,
0x0000029a6b18c0f0, 0x0000029a6b18c780, 0x0000029a6b18fc00, 0x0000029a6b190290,
0x0000029a6b190920, 0x0000029a6b18d4a0, 0x0000029a6b190fb0, 0x0000029a6b18db30,
0x0000029a6da0e690, 0x0000029a6da10760, 0x0000029a6da0f3b0, 0x0000029a6da0ed20,
0x0000029a6da10df0, 0x0000029a6da121a0, 0x0000029a6da11480, 0x0000029a6da11b10,
0x0000029a6da0fa40, 0x0000029a6da12830, 0x0000029a6da15cb0, 0x0000029a6da14f90,
0x0000029a6b853810, 0x0000029a6b854530, 0x0000029a6b852af0, 0x0000029a6b852460,
0x0000029a6b851dd0, 0x0000029a6b857320, 0x0000029a6b8586d0, 0x0000029a6b858040,
0x0000029a6b8558e0, 0x0000029a6b858d60, 0x0000029a6b855f70, 0x0000029a6b856600,
0x0000029a6b856c90, 0x0000029a6b8579b0, 0x0000029a69d6a2a0, 0x0000029a6cc62db0,
0x0000029a6cc60ba0, 0x0000029a6cc61270, 0x0000029a6cc61940, 0x0000029a6cc62010,
0x0000029a6a081bc0, 0x0000029a6a080750
}

Java Threads: ( => current thread )
  0x0000029a4b89e370 JavaThread "main"                              [_thread_blocked, id=4052, stack(0x000000baf5800000,0x000000baf5900000) (1024K)]
  0x0000029a4b84d510 JavaThread "Reference Handler"          daemon [_thread_blocked, id=27856, stack(0x000000baf5c00000,0x000000baf5d00000) (1024K)]
  0x0000029a4b84e330 JavaThread "Finalizer"                  daemon [_thread_blocked, id=26248, stack(0x000000baf5d00000,0x000000baf5e00000) (1024K)]
  0x0000029a4b945380 JavaThread "Signal Dispatcher"          daemon [_thread_blocked, id=27632, stack(0x000000baf5e00000,0x000000baf5f00000) (1024K)]
  0x0000029a4b945fe0 JavaThread "Attach Listener"            daemon [_thread_blocked, id=20368, stack(0x000000baf5f00000,0x000000baf6000000) (1024K)]
  0x0000029a4b948e00 JavaThread "Service Thread"             daemon [_thread_blocked, id=16312, stack(0x000000baf6000000,0x000000baf6100000) (1024K)]
  0x0000029a4b949860 JavaThread "Monitor Deflation Thread"   daemon [_thread_blocked, id=14008, stack(0x000000baf6100000,0x000000baf6200000) (1024K)]
=>0x0000029a4b94a6a0 JavaThread "C2 CompilerThread0"         daemon [_thread_in_native, id=27192, stack(0x000000baf6200000,0x000000baf6300000) (1024K)]
  0x0000029a63689460 JavaThread "C1 CompilerThread0"         daemon [_thread_blocked, id=27660, stack(0x000000baf6300000,0x000000baf6400000) (1024K)]
  0x0000029a637de910 JavaThread "Common-Cleaner"             daemon [_thread_blocked, id=27776, stack(0x000000baf6600000,0x000000baf6700000) (1024K)]
  0x0000029a690119b0 JavaThread "Notification Thread"        daemon [_thread_blocked, id=13376, stack(0x000000baf6800000,0x000000baf6900000) (1024K)]
  0x0000029a695c3e40 JavaThread "Active Thread: Equinox Container: e395a293-669d-4888-a34f-54c6bda324df"        [_thread_blocked, id=12300, stack(0x000000baf6900000,0x000000baf6a00000) (1024K)]
  0x0000029a695c5880 JavaThread "Refresh Thread: Equinox Container: e395a293-669d-4888-a34f-54c6bda324df" daemon [_thread_blocked, id=28496, stack(0x000000baf6500000,0x000000baf6600000) (1024K)]
  0x0000029a695c65a0 JavaThread "Framework Event Dispatcher: Equinox Container: e395a293-669d-4888-a34f-54c6bda324df" daemon [_thread_blocked, id=27184, stack(0x000000baf6700000,0x000000baf6800000) (1024K)]
  0x0000029a695c5f10 JavaThread "Start Level: Equinox Container: e395a293-669d-4888-a34f-54c6bda324df" daemon [_thread_blocked, id=28520, stack(0x000000baf7100000,0x000000baf7200000) (1024K)]
  0x0000029a695c51f0 JavaThread "Bundle File Closer"         daemon [_thread_blocked, id=26152, stack(0x000000baf7400000,0x000000baf7500000) (1024K)]
  0x0000029a695c37b0 JavaThread "SCR Component Actor"        daemon [_thread_blocked, id=29140, stack(0x000000baf7500000,0x000000baf7600000) (1024K)]
  0x0000029a695c44d0 JavaThread "Worker-JM"                         [_thread_blocked, id=29168, stack(0x000000baf7600000,0x000000baf7700000) (1024K)]
  0x0000029a6b18a6b0 JavaThread "JNA Cleaner"                daemon [_thread_blocked, id=29300, stack(0x000000baf7a00000,0x000000baf7b00000) (1024K)]
  0x0000029a6b18ba60 JavaThread "Worker-0: Initialize workspace"        [_thread_blocked, id=29376, stack(0x000000baf7c00000,0x000000baf7d00000) (1024K)]
  0x0000029a6b18ce10 JavaThread "Worker-1"                          [_thread_blocked, id=29380, stack(0x000000baf7d00000,0x000000baf7e00000) (1024K)]
  0x0000029a6b189990 JavaThread "Worker-2: Publish Diagnostics"        [_thread_in_native, id=29404, stack(0x000000baf7b00000,0x000000baf7c00000) (1024K)]
  0x0000029a6b18e850 JavaThread "Java indexing"              daemon [_thread_blocked, id=29552, stack(0x000000baf8300000,0x000000baf8400000) (1024K)]
  0x0000029a6b18f570 JavaThread "Worker-4"                          [_thread_blocked, id=29652, stack(0x000000baf8200000,0x000000baf8300000) (1024K)]
  0x0000029a6b18c0f0 JavaThread "Thread-1"                   daemon [_thread_in_native, id=29656, stack(0x000000baf8700000,0x000000baf8800000) (1024K)]
  0x0000029a6b18c780 JavaThread "Thread-2"                   daemon [_thread_in_native, id=29660, stack(0x000000baf8800000,0x000000baf8900000) (1024K)]
  0x0000029a6b18fc00 JavaThread "Thread-3"                   daemon [_thread_in_native, id=29664, stack(0x000000baf8900000,0x000000baf8a00000) (1024K)]
  0x0000029a6b190290 JavaThread "Thread-4"                   daemon [_thread_in_native, id=29668, stack(0x000000baf8a00000,0x000000baf8b00000) (1024K)]
  0x0000029a6b190920 JavaThread "Thread-5"                   daemon [_thread_in_native, id=29672, stack(0x000000baf8b00000,0x000000baf8c00000) (1024K)]
  0x0000029a6b18d4a0 JavaThread "Thread-6"                   daemon [_thread_in_native, id=29676, stack(0x000000baf8c00000,0x000000baf8d00000) (1024K)]
  0x0000029a6b190fb0 JavaThread "Thread-7"                   daemon [_thread_in_native, id=29680, stack(0x000000baf8d00000,0x000000baf8e00000) (1024K)]
  0x0000029a6b18db30 JavaThread "Thread-8"                   daemon [_thread_in_native, id=29684, stack(0x000000baf8e00000,0x000000baf8f00000) (1024K)]
  0x0000029a6da0e690 JavaThread "Thread-9"                   daemon [_thread_in_native, id=29688, stack(0x000000baf8f00000,0x000000baf9000000) (1024K)]
  0x0000029a6da10760 JavaThread "Thread-10"                  daemon [_thread_in_native, id=29692, stack(0x000000baf9000000,0x000000baf9100000) (1024K)]
  0x0000029a6da0f3b0 JavaThread "Thread-11"                  daemon [_thread_in_native, id=18684, stack(0x000000baf9100000,0x000000baf9200000) (1024K)]
  0x0000029a6da0ed20 JavaThread "Thread-12"                  daemon [_thread_in_native, id=26724, stack(0x000000baf9200000,0x000000baf9300000) (1024K)]
  0x0000029a6da10df0 JavaThread "Thread-13"                  daemon [_thread_in_native, id=5292, stack(0x000000baf9300000,0x000000baf9400000) (1024K)]
  0x0000029a6da121a0 JavaThread "Thread-14"                  daemon [_thread_in_native, id=26632, stack(0x000000baf9400000,0x000000baf9500000) (1024K)]
  0x0000029a6da11480 JavaThread "Thread-15"                  daemon [_thread_in_native, id=5672, stack(0x000000baf9500000,0x000000baf9600000) (1024K)]
  0x0000029a6da11b10 JavaThread "Thread-16"                  daemon [_thread_in_native, id=28096, stack(0x000000baf9600000,0x000000baf9700000) (1024K)]
  0x0000029a6da0fa40 JavaThread "Thread-17"                  daemon [_thread_in_native, id=27072, stack(0x000000baf9700000,0x000000baf9800000) (1024K)]
  0x0000029a6da12830 JavaThread "pool-2-thread-1"                   [_thread_blocked, id=27868, stack(0x000000baf9800000,0x000000baf9900000) (1024K)]
  0x0000029a6da15cb0 JavaThread "WorkspaceEventsHandler"            [_thread_blocked, id=25364, stack(0x000000baf9b00000,0x000000baf9c00000) (1024K)]
  0x0000029a6da14f90 JavaThread "pool-1-thread-1"                   [_thread_blocked, id=27656, stack(0x000000baf9c00000,0x000000baf9d00000) (1024K)]
  0x0000029a6b853810 JavaThread "ForkJoinPool.commonPool-worker-1" daemon [_thread_blocked, id=8408, stack(0x000000bafac00000,0x000000bafad00000) (1024K)]
  0x0000029a6b854530 JavaThread "ForkJoinPool.commonPool-worker-2" daemon [_thread_blocked, id=27188, stack(0x000000bafad00000,0x000000bafae00000) (1024K)]
  0x0000029a6b852af0 JavaThread "ForkJoinPool.commonPool-worker-3" daemon [_thread_blocked, id=12304, stack(0x000000bafae00000,0x000000bafaf00000) (1024K)]
  0x0000029a6b852460 JavaThread "ForkJoinPool.commonPool-worker-4" daemon [_thread_in_native, id=28956, stack(0x000000bafab00000,0x000000bafac00000) (1024K)]
  0x0000029a6b851dd0 JavaThread "ForkJoinPool.commonPool-worker-5" daemon [_thread_in_native, id=27468, stack(0x000000bafaf00000,0x000000bafb000000) (1024K)]
  0x0000029a6b857320 JavaThread "ForkJoinPool.commonPool-worker-6" daemon [_thread_blocked, id=28300, stack(0x000000bafb000000,0x000000bafb100000) (1024K)]
  0x0000029a6b8586d0 JavaThread "ForkJoinPool.commonPool-worker-7" daemon [_thread_blocked, id=24764, stack(0x000000bafb100000,0x000000bafb200000) (1024K)]
  0x0000029a6b858040 JavaThread "ForkJoinPool.commonPool-worker-9" daemon [_thread_blocked, id=27172, stack(0x000000bafb200000,0x000000bafb300000) (1024K)]
  0x0000029a6b8558e0 JavaThread "ForkJoinPool.commonPool-worker-8" daemon [_thread_blocked, id=7092, stack(0x000000bafb300000,0x000000bafb400000) (1024K)]
  0x0000029a6b858d60 JavaThread "ForkJoinPool.commonPool-worker-10" daemon [_thread_blocked, id=28092, stack(0x000000bafb400000,0x000000bafb500000) (1024K)]
  0x0000029a6b855f70 JavaThread "ForkJoinPool.commonPool-worker-11" daemon [_thread_blocked, id=27820, stack(0x000000bafb500000,0x000000bafb600000) (1024K)]
  0x0000029a6b856600 JavaThread "ForkJoinPool.commonPool-worker-12" daemon [_thread_blocked, id=27736, stack(0x000000bafb600000,0x000000bafb700000) (1024K)]
  0x0000029a6b856c90 JavaThread "ForkJoinPool.commonPool-worker-13" daemon [_thread_blocked, id=24820, stack(0x000000bafb700000,0x000000bafb800000) (1024K)]
  0x0000029a6b8579b0 JavaThread "ForkJoinPool.commonPool-worker-15" daemon [_thread_blocked, id=24648, stack(0x000000bafb800000,0x000000bafb900000) (1024K)]
  0x0000029a69d6a2a0 JavaThread "ForkJoinPool.commonPool-worker-14" daemon [_thread_blocked, id=26484, stack(0x000000bafb900000,0x000000bafba00000) (1024K)]
  0x0000029a6cc62db0 JavaThread "C2 CompilerThread1"         daemon [_thread_in_native, id=12588, stack(0x000000baf5500000,0x000000baf5600000) (1024K)]
  0x0000029a6cc60ba0 JavaThread "C2 CompilerThread2"         daemon [_thread_in_native, id=7240, stack(0x000000baf5600000,0x000000baf5700000) (1024K)]
  0x0000029a6cc61270 JavaThread "C2 CompilerThread3"         daemon [_thread_in_native, id=22260, stack(0x000000baf5700000,0x000000baf5800000) (1024K)]
  0x0000029a6cc61940 JavaThread "C2 CompilerThread4"         daemon [_thread_in_native, id=10000, stack(0x000000baf7700000,0x000000baf7800000) (1024K)]
  0x0000029a6cc62010 JavaThread "C2 CompilerThread5"         daemon [_thread_in_native, id=23692, stack(0x000000baf7e00000,0x000000baf7f00000) (1024K)]
  0x0000029a6a081bc0 JavaThread "C2 CompilerThread6"         daemon [_thread_in_native, id=19064, stack(0x000000baf7f00000,0x000000baf8000000) (1024K)]
  0x0000029a6a080750 JavaThread "C2 CompilerThread7"         daemon [_thread_in_native, id=4960, stack(0x000000baf8000000,0x000000baf8100000) (1024K)]
Total: 66

Other Threads:
  0x0000029a4b830bf0 VMThread "VM Thread"                           [id=25300, stack(0x000000baf5b00000,0x000000baf5c00000) (1024K)]
  0x0000029a4b72ca00 WatcherThread "VM Periodic Task Thread"        [id=10684, stack(0x000000baf5a00000,0x000000baf5b00000) (1024K)]
  0x0000029a4b8bc340 WorkerThread "GC Thread#0"                     [id=17024, stack(0x000000baf5900000,0x000000baf5a00000) (1024K)]
  0x0000029a6396b500 WorkerThread "GC Thread#1"                     [id=18232, stack(0x000000baf6a00000,0x000000baf6b00000) (1024K)]
  0x0000029a6948a820 WorkerThread "GC Thread#2"                     [id=24008, stack(0x000000baf6b00000,0x000000baf6c00000) (1024K)]
  0x0000029a693f3740 WorkerThread "GC Thread#3"                     [id=22948, stack(0x000000baf6c00000,0x000000baf6d00000) (1024K)]
  0x0000029a693f3af0 WorkerThread "GC Thread#4"                     [id=27376, stack(0x000000baf6d00000,0x000000baf6e00000) (1024K)]
  0x0000029a693f3ea0 WorkerThread "GC Thread#5"                     [id=10788, stack(0x000000baf6e00000,0x000000baf6f00000) (1024K)]
  0x0000029a6396bcc0 WorkerThread "GC Thread#6"                     [id=27748, stack(0x000000baf6f00000,0x000000baf7000000) (1024K)]
  0x0000029a695822c0 WorkerThread "GC Thread#7"                     [id=27628, stack(0x000000baf7000000,0x000000baf7100000) (1024K)]
  0x0000029a63722360 WorkerThread "GC Thread#8"                     [id=1992, stack(0x000000baf6400000,0x000000baf6500000) (1024K)]
  0x0000029a6909b310 WorkerThread "GC Thread#9"                     [id=25568, stack(0x000000baf7200000,0x000000baf7300000) (1024K)]
  0x0000029a6909b6c0 WorkerThread "GC Thread#10"                    [id=3064, stack(0x000000baf7300000,0x000000baf7400000) (1024K)]
  0x0000029a69cb5680 WorkerThread "GC Thread#11"                    [id=29172, stack(0x000000baf7800000,0x000000baf7900000) (1024K)]
  0x0000029a69dee770 WorkerThread "GC Thread#12"                    [id=29176, stack(0x000000baf7900000,0x000000baf7a00000) (1024K)]
Total: 15

Threads with active compile tasks:
C2 CompilerThread0  119017 12179 % !   4       org.eclipse.jdt.internal.compiler.classfmt.ClassFileReader::<init> @ 81 (1968 bytes)
C2 CompilerThread1  119017 12257  s    4       org.eclipse.jdt.internal.core.JavaModelManager::getInfo (39 bytes)
C2 CompilerThread2  119017 12259       4       org.eclipse.jdt.internal.core.JavaModelCache::getInfo (156 bytes)
C2 CompilerThread3  119018 12281   !   4       org.eclipse.jdt.internal.core.NameLookup::getModuleDescription (232 bytes)
C2 CompilerThread4  119018 12347       4       org.eclipse.jdt.internal.core.PackageFragment::getElementName (22 bytes)
C2 CompilerThread5  119018 12490       4       org.eclipse.jdt.internal.compiler.parser.Parser::consumeRule (7843 bytes)
C2 CompilerThread6  119018 12255       4       org.eclipse.core.runtime.Path::<init> (9 bytes)
C2 CompilerThread7  119018 12535       4       org.eclipse.jdt.internal.compiler.lookup.LookupEnvironment::getCachedType0 (112 bytes)
Total: 8

VM state: not at safepoint (normal execution)

VM Mutex/Monitor currently owned by a thread: None

Heap address: 0x0000000080000000, size: 2048 MB, Compressed Oops mode: 32-bit

CDS archive(s) mapped at: [0x0000029a00000000-0x0000029a00ba0000-0x0000029a00ba0000), size 12189696, SharedBaseAddress: 0x0000029a00000000, ArchiveRelocationMode: 1.
Compressed class space mapped at: 0x0000029a01000000-0x0000029a41000000, reserved size: 1073741824
Narrow klass base: 0x0000029a00000000, Narrow klass shift: 0, Narrow klass range: 0x100000000

GC Precious Log:
 CardTable entry size: 512
 CPUs: 16 total, 16 available
 Memory: 32719M
 Large Page Support: Disabled
 NUMA Support: Disabled
 Compressed Oops: Enabled (32-bit)
 Alignments: Space 512K, Generation 512K, Heap 2M
 Heap Min Capacity: 100M
 Heap Initial Capacity: 100M
 Heap Max Capacity: 2G
 Pre-touch: Disabled
 Parallel Workers: 13

Heap:
 PSYoungGen      total 9216K, used 3158K [0x00000000d5580000, 0x00000000d6000000, 0x0000000100000000)
  eden space 8704K, 30% used [0x00000000d5580000,0x00000000d581cc58,0x00000000d5e00000)
  from space 512K, 94% used [0x00000000d5f80000,0x00000000d5ff8c50,0x00000000d6000000)
  to   space 1024K, 0% used [0x00000000d5e80000,0x00000000d5e80000,0x00000000d5f80000)
 ParOldGen       total 92160K, used 92036K [0x0000000080000000, 0x0000000085a00000, 0x00000000d5580000)
  object space 92160K, 99% used [0x0000000080000000,0x00000000859e11f8,0x0000000085a00000)
 Metaspace       used 64174K, committed 65664K, reserved 1114112K
  class space    used 6694K, committed 7360K, reserved 1048576K

Card table byte_map: [0x0000029a4b240000,0x0000029a4b650000] _byte_map_base: 0x0000029a4ae40000

Marking Bits: (ParMarkBitMap*) 0x00007ff874f23450
 Begin Bits: [0x0000029a5dd50000, 0x0000029a5fd50000)
 End Bits:   [0x0000029a5fd50000, 0x0000029a61d50000)

Polling page: 0x0000029a498c0000

Metaspace:

Usage:
  Non-class:     56.13 MB used.
      Class:      6.54 MB used.
       Both:     62.67 MB used.

Virtual space:
  Non-class space:       64.00 MB reserved,      56.94 MB ( 89%) committed,  1 nodes.
      Class space:        1.00 GB reserved,       7.19 MB ( <1%) committed,  1 nodes.
             Both:        1.06 GB reserved,      64.12 MB (  6%) committed. 

Chunk freelists:
   Non-Class:  7.02 MB
       Class:  8.66 MB
        Both:  15.68 MB

MaxMetaspaceSize: unlimited
CompressedClassSpaceSize: 1.00 GB
Initial GC threshold: 21.00 MB
Current GC threshold: 97.31 MB
CDS: on
 - commit_granule_bytes: 65536.
 - commit_granule_words: 8192.
 - virtual_space_node_default_size: 8388608.
 - enlarge_chunks_in_place: 1.
 - use_allocation_guard: 0.


Internal statistics:

num_allocs_failed_limit: 11.
num_arena_births: 1178.
num_arena_deaths: 14.
num_vsnodes_births: 2.
num_vsnodes_deaths: 0.
num_space_committed: 1026.
num_space_uncommitted: 0.
num_chunks_returned_to_freelist: 25.
num_chunks_taken_from_freelist: 4263.
num_chunk_merges: 12.
num_chunk_splits: 2579.
num_chunks_enlarged: 1408.
num_inconsistent_stats: 0.

CodeHeap 'non-profiled nmethods': size=119168Kb used=9086Kb max_used=9086Kb free=110081Kb
 bounds [0x0000029a56640000, 0x0000029a56f20000, 0x0000029a5daa0000]
CodeHeap 'profiled nmethods': size=119104Kb used=27056Kb max_used=27056Kb free=92047Kb
 bounds [0x0000029a4eaa0000, 0x0000029a50510000, 0x0000029a55ef0000]
CodeHeap 'non-nmethods': size=7488Kb used=1431Kb max_used=3178Kb free=6056Kb
 bounds [0x0000029a55ef0000, 0x0000029a56260000, 0x0000029a56640000]
CodeCache: size=245760Kb, used=37573Kb, max_used=39320Kb, free=208184Kb
 total_blobs=12281, nmethods=11533, adapters=653, full_count=0
Compilation: enabled, stopped_count=0, restarted_count=0

Compilation events (20 events):
Event: 103.412 Thread 0x0000029a63689460 nmethod 12194 0x0000029a56f05f10 code [0x0000029a56f060a0, 0x0000029a56f06168]
Event: 103.412 Thread 0x0000029a63689460 12195       1       org.eclipse.m2e.jdt.internal.ClasspathEntryDescriptor::setArtifactKey (6 bytes)
Event: 103.412 Thread 0x0000029a6cc62db0 nmethod 12192 0x0000029a503d4e90 code [0x0000029a503d5040, 0x0000029a503d51b8]
Event: 103.412 Thread 0x0000029a6cc62db0 12196       1       org.eclipse.m2e.jdt.internal.ClasspathEntryDescriptor::setScope (6 bytes)
Event: 103.412 Thread 0x0000029a63689460 nmethod 12195 0x0000029a56f06210 code [0x0000029a56f063a0, 0x0000029a56f06480]
Event: 103.412 Thread 0x0000029a63689460 12197       1       org.apache.maven.artifact.DefaultArtifact::isOptional (5 bytes)
Event: 103.412 Thread 0x0000029a6cc62db0 nmethod 12196 0x0000029a56f06510 code [0x0000029a56f066a0, 0x0000029a56f06780]
Event: 103.412 Thread 0x0000029a6cc62db0 12198       1       org.eclipse.m2e.jdt.internal.ClasspathEntryDescriptor::setOptionalDependency (6 bytes)
Event: 103.412 Thread 0x0000029a63689460 nmethod 12197 0x0000029a56f06810 code [0x0000029a56f069a0, 0x0000029a56f06a70]
Event: 103.412 Thread 0x0000029a63689460 12199       1       org.eclipse.m2e.jdt.internal.ClasspathEntryDescriptor::setExported (6 bytes)
Event: 103.412 Thread 0x0000029a6cc62db0 nmethod 12198 0x0000029a56f06b10 code [0x0000029a56f06ca0, 0x0000029a56f06d70]
Event: 103.412 Thread 0x0000029a6cc62db0 12191       3       java.util.concurrent.ConcurrentHashMap::isEmpty (15 bytes)
Event: 103.412 Thread 0x0000029a63689460 nmethod 12199 0x0000029a56f06e10 code [0x0000029a56f06fa0, 0x0000029a56f07070]
Event: 103.412 Thread 0x0000029a63689460 12193       3       org.eclipse.sisu.inject.RankedSequence::removeThis (44 bytes)
Event: 103.412 Thread 0x0000029a6cc62db0 nmethod 12191 0x0000029a503d5290 code [0x0000029a503d5440, 0x0000029a503d55d0]
Event: 103.412 Thread 0x0000029a6cc62db0 12189       3       org.eclipse.jdt.launching.JavaRuntime::getExecutionEnvironmentsManager (4 bytes)
Event: 103.412 Thread 0x0000029a6cc62db0 nmethod 12189 0x0000029a503d5690 code [0x0000029a503d5840, 0x0000029a503d5aa0]
Event: 103.413 Thread 0x0000029a63689460 nmethod 12193 0x0000029a503d5b90 code [0x0000029a503d5d80, 0x0000029a503d61a8]
Event: 103.413 Thread 0x0000029a6cc62db0 12190  s    3       org.eclipse.jdt.internal.launching.environments.EnvironmentsManager::getEnvironment (18 bytes)
Event: 103.413 Thread 0x0000029a6cc62db0 nmethod 12190 0x0000029a503d6390 code [0x0000029a503d6560, 0x0000029a503d6958]

GC Heap History (20 events):
Event: 72.213 GC heap before
{Heap before GC invocations=137 (full 3):
 PSYoungGen      total 9728K, used 9248K [0x00000000d5580000, 0x00000000d6100000, 0x0000000100000000)
  eden space 8704K, 100% used [0x00000000d5580000,0x00000000d5e00000,0x00000000d5e00000)
  from space 1024K, 53% used [0x00000000d5f80000,0x00000000d6008000,0x00000000d6080000)
  to   space 512K, 0% used [0x00000000d6080000,0x00000000d6080000,0x00000000d6100000)
 ParOldGen       total 85504K, used 85235K [0x0000000080000000, 0x0000000085380000, 0x00000000d5580000)
  object space 85504K, 99% used [0x0000000080000000,0x000000008533cfc8,0x0000000085380000)
 Metaspace       used 61884K, committed 63424K, reserved 1114112K
  class space    used 6448K, committed 7104K, reserved 1048576K
}
Event: 72.214 GC heap after
{Heap after GC invocations=137 (full 3):
 PSYoungGen      total 9216K, used 448K [0x00000000d5580000, 0x00000000d6100000, 0x0000000100000000)
  eden space 8704K, 0% used [0x00000000d5580000,0x00000000d5580000,0x00000000d5e00000)
  from space 512K, 87% used [0x00000000d6080000,0x00000000d60f0000,0x00000000d6100000)
  to   space 512K, 0% used [0x00000000d6000000,0x00000000d6000000,0x00000000d6080000)
 ParOldGen       total 86016K, used 85659K [0x0000000080000000, 0x0000000085400000, 0x00000000d5580000)
  object space 86016K, 99% used [0x0000000080000000,0x00000000853a6fc8,0x0000000085400000)
 Metaspace       used 61884K, committed 63424K, reserved 1114112K
  class space    used 6448K, committed 7104K, reserved 1048576K
}
Event: 72.231 GC heap before
{Heap before GC invocations=138 (full 3):
 PSYoungGen      total 9216K, used 9152K [0x00000000d5580000, 0x00000000d6100000, 0x0000000100000000)
  eden space 8704K, 100% used [0x00000000d5580000,0x00000000d5e00000,0x00000000d5e00000)
  from space 512K, 87% used [0x00000000d6080000,0x00000000d60f0000,0x00000000d6100000)
  to   space 512K, 0% used [0x00000000d6000000,0x00000000d6000000,0x00000000d6080000)
 ParOldGen       total 86016K, used 85659K [0x0000000080000000, 0x0000000085400000, 0x00000000d5580000)
  object space 86016K, 99% used [0x0000000080000000,0x00000000853a6fc8,0x0000000085400000)
 Metaspace       used 61884K, committed 63424K, reserved 1114112K
  class space    used 6448K, committed 7104K, reserved 1048576K
}
Event: 72.234 GC heap after
{Heap after GC invocations=138 (full 3):
 PSYoungGen      total 9216K, used 512K [0x00000000d5580000, 0x00000000d6100000, 0x0000000100000000)
  eden space 8704K, 0% used [0x00000000d5580000,0x00000000d5580000,0x00000000d5e00000)
  from space 512K, 100% used [0x00000000d6000000,0x00000000d6080000,0x00000000d6080000)
  to   space 512K, 0% used [0x00000000d6080000,0x00000000d6080000,0x00000000d6100000)
 ParOldGen       total 86016K, used 85992K [0x0000000080000000, 0x0000000085400000, 0x00000000d5580000)
  object space 86016K, 99% used [0x0000000080000000,0x00000000853fa320,0x0000000085400000)
 Metaspace       used 61884K, committed 63424K, reserved 1114112K
  class space    used 6448K, committed 7104K, reserved 1048576K
}
Event: 72.285 GC heap before
{Heap before GC invocations=139 (full 3):
 PSYoungGen      total 9216K, used 9216K [0x00000000d5580000, 0x00000000d6100000, 0x0000000100000000)
  eden space 8704K, 100% used [0x00000000d5580000,0x00000000d5e00000,0x00000000d5e00000)
  from space 512K, 100% used [0x00000000d6000000,0x00000000d6080000,0x00000000d6080000)
  to   space 512K, 0% used [0x00000000d6080000,0x00000000d6080000,0x00000000d6100000)
 ParOldGen       total 86016K, used 85992K [0x0000000080000000, 0x0000000085400000, 0x00000000d5580000)
  object space 86016K, 99% used [0x0000000080000000,0x00000000853fa320,0x0000000085400000)
 Metaspace       used 61884K, committed 63424K, reserved 1114112K
  class space    used 6448K, committed 7104K, reserved 1048576K
}
Event: 72.288 GC heap after
{Heap after GC invocations=139 (full 3):
 PSYoungGen      total 9216K, used 384K [0x00000000d5580000, 0x00000000d6100000, 0x0000000100000000)
  eden space 8704K, 0% used [0x00000000d5580000,0x00000000d5580000,0x00000000d5e00000)
  from space 512K, 75% used [0x00000000d6080000,0x00000000d60e0000,0x00000000d6100000)
  to   space 1024K, 0% used [0x00000000d5f00000,0x00000000d5f00000,0x00000000d6000000)
 ParOldGen       total 86528K, used 86392K [0x0000000080000000, 0x0000000085480000, 0x00000000d5580000)
  object space 86528K, 99% used [0x0000000080000000,0x000000008545e320,0x0000000085480000)
 Metaspace       used 61884K, committed 63424K, reserved 1114112K
  class space    used 6448K, committed 7104K, reserved 1048576K
}
Event: 73.055 GC heap before
{Heap before GC invocations=140 (full 3):
 PSYoungGen      total 9216K, used 9088K [0x00000000d5580000, 0x00000000d6100000, 0x0000000100000000)
  eden space 8704K, 100% used [0x00000000d5580000,0x00000000d5e00000,0x00000000d5e00000)
  from space 512K, 75% used [0x00000000d6080000,0x00000000d60e0000,0x00000000d6100000)
  to   space 1024K, 0% used [0x00000000d5f00000,0x00000000d5f00000,0x00000000d6000000)
 ParOldGen       total 86528K, used 86392K [0x0000000080000000, 0x0000000085480000, 0x00000000d5580000)
  object space 86528K, 99% used [0x0000000080000000,0x000000008545e320,0x0000000085480000)
 Metaspace       used 61892K, committed 63424K, reserved 1114112K
  class space    used 6448K, committed 7104K, reserved 1048576K
}
Event: 73.058 GC heap after
{Heap after GC invocations=140 (full 3):
 PSYoungGen      total 9728K, used 512K [0x00000000d5580000, 0x00000000d6100000, 0x0000000100000000)
  eden space 8704K, 0% used [0x00000000d5580000,0x00000000d5580000,0x00000000d5e00000)
  from space 1024K, 50% used [0x00000000d5f00000,0x00000000d5f80000,0x00000000d6000000)
  to   space 1024K, 0% used [0x00000000d6000000,0x00000000d6000000,0x00000000d6100000)
 ParOldGen       total 87040K, used 86616K [0x0000000080000000, 0x0000000085500000, 0x00000000d5580000)
  object space 87040K, 99% used [0x0000000080000000,0x0000000085496320,0x0000000085500000)
 Metaspace       used 61892K, committed 63424K, reserved 1114112K
  class space    used 6448K, committed 7104K, reserved 1048576K
}
Event: 73.250 GC heap before
{Heap before GC invocations=141 (full 3):
 PSYoungGen      total 9728K, used 9216K [0x00000000d5580000, 0x00000000d6100000, 0x0000000100000000)
  eden space 8704K, 100% used [0x00000000d5580000,0x00000000d5e00000,0x00000000d5e00000)
  from space 1024K, 50% used [0x00000000d5f00000,0x00000000d5f80000,0x00000000d6000000)
  to   space 1024K, 0% used [0x00000000d6000000,0x00000000d6000000,0x00000000d6100000)
 ParOldGen       total 87040K, used 86616K [0x0000000080000000, 0x0000000085500000, 0x00000000d5580000)
  object space 87040K, 99% used [0x0000000080000000,0x0000000085496320,0x0000000085500000)
 Metaspace       used 61897K, committed 63424K, reserved 1114112K
  class space    used 6448K, committed 7104K, reserved 1048576K
}
Event: 73.252 GC heap after
{Heap after GC invocations=141 (full 3):
 PSYoungGen      total 9216K, used 471K [0x00000000d5580000, 0x00000000d6080000, 0x0000000100000000)
  eden space 8704K, 0% used [0x00000000d5580000,0x00000000d5580000,0x00000000d5e00000)
  from space 512K, 92% used [0x00000000d6000000,0x00000000d6075ee0,0x00000000d6080000)
  to   space 512K, 0% used [0x00000000d5f80000,0x00000000d5f80000,0x00000000d6000000)
 ParOldGen       total 87040K, used 86872K [0x0000000080000000, 0x0000000085500000, 0x00000000d5580000)
  object space 87040K, 99% used [0x0000000080000000,0x00000000854d6280,0x0000000085500000)
 Metaspace       used 61897K, committed 63424K, reserved 1114112K
  class space    used 6448K, committed 7104K, reserved 1048576K
}
Event: 73.405 GC heap before
{Heap before GC invocations=142 (full 3):
 PSYoungGen      total 9216K, used 9175K [0x00000000d5580000, 0x00000000d6080000, 0x0000000100000000)
  eden space 8704K, 100% used [0x00000000d5580000,0x00000000d5e00000,0x00000000d5e00000)
  from space 512K, 92% used [0x00000000d6000000,0x00000000d6075ee0,0x00000000d6080000)
  to   space 512K, 0% used [0x00000000d5f80000,0x00000000d5f80000,0x00000000d6000000)
 ParOldGen       total 87040K, used 86872K [0x0000000080000000, 0x0000000085500000, 0x00000000d5580000)
  object space 87040K, 99% used [0x0000000080000000,0x00000000854d6280,0x0000000085500000)
 Metaspace       used 61906K, committed 63424K, reserved 1114112K
  class space    used 6448K, committed 7104K, reserved 1048576K
}
Event: 73.406 GC heap after
{Heap after GC invocations=142 (full 3):
 PSYoungGen      total 9216K, used 469K [0x00000000d5580000, 0x00000000d6080000, 0x0000000100000000)
  eden space 8704K, 0% used [0x00000000d5580000,0x00000000d5580000,0x00000000d5e00000)
  from space 512K, 91% used [0x00000000d5f80000,0x00000000d5ff5680,0x00000000d6000000)
  to   space 512K, 0% used [0x00000000d6000000,0x00000000d6000000,0x00000000d6080000)
 ParOldGen       total 87552K, used 87111K [0x0000000080000000, 0x0000000085580000, 0x00000000d5580000)
  object space 87552K, 99% used [0x0000000080000000,0x0000000085511c60,0x0000000085580000)
 Metaspace       used 61906K, committed 63424K, reserved 1114112K
  class space    used 6448K, committed 7104K, reserved 1048576K
}
Event: 73.682 GC heap before
{Heap before GC invocations=143 (full 3):
 PSYoungGen      total 9216K, used 9173K [0x00000000d5580000, 0x00000000d6080000, 0x0000000100000000)
  eden space 8704K, 100% used [0x00000000d5580000,0x00000000d5e00000,0x00000000d5e00000)
  from space 512K, 91% used [0x00000000d5f80000,0x00000000d5ff5680,0x00000000d6000000)
  to   space 512K, 0% used [0x00000000d6000000,0x00000000d6000000,0x00000000d6080000)
 ParOldGen       total 87552K, used 87111K [0x0000000080000000, 0x0000000085580000, 0x00000000d5580000)
  object space 87552K, 99% used [0x0000000080000000,0x0000000085511c60,0x0000000085580000)
 Metaspace       used 61907K, committed 63424K, reserved 1114112K
  class space    used 6448K, committed 7104K, reserved 1048576K
}
Event: 73.684 GC heap after
{Heap after GC invocations=143 (full 3):
 PSYoungGen      total 9216K, used 480K [0x00000000d5580000, 0x00000000d6080000, 0x0000000100000000)
  eden space 8704K, 0% used [0x00000000d5580000,0x00000000d5580000,0x00000000d5e00000)
  from space 512K, 93% used [0x00000000d6000000,0x00000000d6078000,0x00000000d6080000)
  to   space 512K, 0% used [0x00000000d5f80000,0x00000000d5f80000,0x00000000d6000000)
 ParOldGen       total 87552K, used 87404K [0x0000000080000000, 0x0000000085580000, 0x00000000d5580000)
  object space 87552K, 99% used [0x0000000080000000,0x000000008555b150,0x0000000085580000)
 Metaspace       used 61907K, committed 63424K, reserved 1114112K
  class space    used 6448K, committed 7104K, reserved 1048576K
}
Event: 73.731 GC heap before
{Heap before GC invocations=144 (full 3):
 PSYoungGen      total 9216K, used 9184K [0x00000000d5580000, 0x00000000d6080000, 0x0000000100000000)
  eden space 8704K, 100% used [0x00000000d5580000,0x00000000d5e00000,0x00000000d5e00000)
  from space 512K, 93% used [0x00000000d6000000,0x00000000d6078000,0x00000000d6080000)
  to   space 512K, 0% used [0x00000000d5f80000,0x00000000d5f80000,0x00000000d6000000)
 ParOldGen       total 87552K, used 87404K [0x0000000080000000, 0x0000000085580000, 0x00000000d5580000)
  object space 87552K, 99% used [0x0000000080000000,0x000000008555b150,0x0000000085580000)
 Metaspace       used 61907K, committed 63424K, reserved 1114112K
  class space    used 6448K, committed 7104K, reserved 1048576K
}
Event: 73.732 GC heap after
{Heap after GC invocations=144 (full 3):
 PSYoungGen      total 9216K, used 483K [0x00000000d5580000, 0x00000000d6080000, 0x0000000100000000)
  eden space 8704K, 0% used [0x00000000d5580000,0x00000000d5580000,0x00000000d5e00000)
  from space 512K, 94% used [0x00000000d5f80000,0x00000000d5ff8d10,0x00000000d6000000)
  to   space 512K, 0% used [0x00000000d6000000,0x00000000d6000000,0x00000000d6080000)
 ParOldGen       total 88064K, used 87609K [0x0000000080000000, 0x0000000085600000, 0x00000000d5580000)
  object space 88064K, 99% used [0x0000000080000000,0x000000008558e410,0x0000000085600000)
 Metaspace       used 61907K, committed 63424K, reserved 1114112K
  class space    used 6448K, committed 7104K, reserved 1048576K
}
Event: 73.750 GC heap before
{Heap before GC invocations=145 (full 3):
 PSYoungGen      total 9216K, used 9187K [0x00000000d5580000, 0x00000000d6080000, 0x0000000100000000)
  eden space 8704K, 100% used [0x00000000d5580000,0x00000000d5e00000,0x00000000d5e00000)
  from space 512K, 94% used [0x00000000d5f80000,0x00000000d5ff8d10,0x00000000d6000000)
  to   space 512K, 0% used [0x00000000d6000000,0x00000000d6000000,0x00000000d6080000)
 ParOldGen       total 88064K, used 87609K [0x0000000080000000, 0x0000000085600000, 0x00000000d5580000)
  object space 88064K, 99% used [0x0000000080000000,0x000000008558e410,0x0000000085600000)
 Metaspace       used 61917K, committed 63424K, reserved 1114112K
  class space    used 6448K, committed 7104K, reserved 1048576K
}
Event: 73.751 GC heap after
{Heap after GC invocations=145 (full 3):
 PSYoungGen      total 9216K, used 384K [0x00000000d5580000, 0x00000000d6080000, 0x0000000100000000)
  eden space 8704K, 0% used [0x00000000d5580000,0x00000000d5580000,0x00000000d5e00000)
  from space 512K, 75% used [0x00000000d6000000,0x00000000d6060000,0x00000000d6080000)
  to   space 512K, 0% used [0x00000000d5f80000,0x00000000d5f80000,0x00000000d6000000)
 ParOldGen       total 88064K, used 87859K [0x0000000080000000, 0x0000000085600000, 0x00000000d5580000)
  object space 88064K, 99% used [0x0000000080000000,0x00000000855cccb0,0x0000000085600000)
 Metaspace       used 61917K, committed 63424K, reserved 1114112K
  class space    used 6448K, committed 7104K, reserved 1048576K
}
Event: 101.718 GC heap before
{Heap before GC invocations=146 (full 3):
 PSYoungGen      total 9216K, used 9087K [0x00000000d5580000, 0x00000000d6080000, 0x0000000100000000)
  eden space 8704K, 99% used [0x00000000d5580000,0x00000000d5dfffe8,0x00000000d5e00000)
  from space 512K, 75% used [0x00000000d6000000,0x00000000d6060000,0x00000000d6080000)
  to   space 512K, 0% used [0x00000000d5f80000,0x00000000d5f80000,0x00000000d6000000)
 ParOldGen       total 88064K, used 87859K [0x0000000080000000, 0x0000000085600000, 0x00000000d5580000)
  object space 88064K, 99% used [0x0000000080000000,0x00000000855cccb0,0x0000000085600000)
 Metaspace       used 61953K, committed 63488K, reserved 1114112K
  class space    used 6448K, committed 7104K, reserved 1048576K
}
Event: 101.756 GC heap after
{Heap after GC invocations=146 (full 3):
 PSYoungGen      total 9216K, used 477K [0x00000000d5580000, 0x00000000d6080000, 0x0000000100000000)
  eden space 8704K, 0% used [0x00000000d5580000,0x00000000d5580000,0x00000000d5e00000)
  from space 512K, 93% used [0x00000000d5f80000,0x00000000d5ff7580,0x00000000d6000000)
  to   space 512K, 0% used [0x00000000d6000000,0x00000000d6000000,0x00000000d6080000)
 ParOldGen       total 90112K, used 89317K [0x0000000080000000, 0x0000000085800000, 0x00000000d5580000)
  object space 90112K, 99% used [0x0000000080000000,0x0000000085739700,0x0000000085800000)
 Metaspace       used 61953K, committed 63488K, reserved 1114112K
  class space    used 6448K, committed 7104K, reserved 1048576K
}

Dll operation events (10 events):
Event: 0.039 Loaded shared library c:\Users\davi4\.windsurf\extensions\redhat.java-1.53.0-win32-x64\jre\21.0.10-win32-x86_64\bin\java.dll
Event: 0.206 Loaded shared library c:\Users\davi4\.windsurf\extensions\redhat.java-1.53.0-win32-x64\jre\21.0.10-win32-x86_64\bin\zip.dll
Event: 0.237 Loaded shared library C:\Users\davi4\.windsurf\extensions\redhat.java-1.53.0-win32-x64\jre\21.0.10-win32-x86_64\bin\instrument.dll
Event: 0.256 Loaded shared library C:\Users\davi4\.windsurf\extensions\redhat.java-1.53.0-win32-x64\jre\21.0.10-win32-x86_64\bin\net.dll
Event: 0.341 Loaded shared library C:\Users\davi4\.windsurf\extensions\redhat.java-1.53.0-win32-x64\jre\21.0.10-win32-x86_64\bin\nio.dll
Event: 0.350 Loaded shared library C:\Users\davi4\.windsurf\extensions\redhat.java-1.53.0-win32-x64\jre\21.0.10-win32-x86_64\bin\zip.dll
Event: 0.383 Loaded shared library C:\Users\davi4\.windsurf\extensions\redhat.java-1.53.0-win32-x64\jre\21.0.10-win32-x86_64\bin\jimage.dll
Event: 0.666 Loaded shared library c:\Users\davi4\.windsurf\extensions\redhat.java-1.53.0-win32-x64\jre\21.0.10-win32-x86_64\bin\verify.dll
Event: 12.928 Loaded shared library C:\Users\davi4\AppData\Roaming\Windsurf\User\globalStorage\redhat.java\1.53.0\config_win\org.eclipse.equinox.launcher\org.eclipse.equinox.launcher.win32.win32.x86_64_1.3.0.v20260203-2149\eclipse_11919.dll
Event: 35.821 Loaded shared library C:\Users\davi4\AppData\Local\Temp\jna-95358532\jna3043834697867385362.dll

Deoptimization events (20 events):
Event: 71.067 Thread 0x0000029a6b18ba60 Uncommon trap: trap_request=0xffffff76 fr.pc=0x0000029a56e65ed8 relative=0x00000000000001b8
Event: 71.067 Thread 0x0000029a6b18ba60 Uncommon trap: reason=predicate action=maybe_recompile pc=0x0000029a56e65ed8 method=java.util.LinkedHashMap.valuesToArray([Ljava/lang/Object;Z)[Ljava/lang/Object; @ 53 c2
Event: 71.067 Thread 0x0000029a6b18ba60 DEOPT PACKING pc=0x0000029a56e65ed8 sp=0x000000baf7cfd090
Event: 71.067 Thread 0x0000029a6b18ba60 DEOPT UNPACKING pc=0x0000029a55f43aa2 sp=0x000000baf7cfd038 mode 2
Event: 71.151 Thread 0x0000029a6b18ba60 Uncommon trap: trap_request=0xffffff45 fr.pc=0x0000029a56e6f530 relative=0x0000000000002170
Event: 71.151 Thread 0x0000029a6b18ba60 Uncommon trap: reason=unstable_if action=reinterpret pc=0x0000029a56e6f530 method=java.util.zip.ZipFile$Source.isMetaName([BII)Z @ 57 c2
Event: 71.151 Thread 0x0000029a6b18ba60 DEOPT PACKING pc=0x0000029a56e6f530 sp=0x000000baf7cfddd0
Event: 71.151 Thread 0x0000029a6b18ba60 DEOPT UNPACKING pc=0x0000029a55f43aa2 sp=0x000000baf7cfdd30 mode 2
Event: 71.221 Thread 0x0000029a6b18ba60 Uncommon trap: trap_request=0xffffff45 fr.pc=0x0000029a56e1b31c relative=0x00000000000018fc
Event: 71.221 Thread 0x0000029a6b18ba60 Uncommon trap: reason=unstable_if action=reinterpret pc=0x0000029a56e1b31c method=java.util.zip.ZipFile$Source.isMetaName([BII)Z @ 57 c2
Event: 71.222 Thread 0x0000029a6b18ba60 DEOPT PACKING pc=0x0000029a56e1b31c sp=0x000000baf7cfddd0
Event: 71.222 Thread 0x0000029a6b18ba60 DEOPT UNPACKING pc=0x0000029a55f43aa2 sp=0x000000baf7cfdd30 mode 2
Event: 71.319 Thread 0x0000029a6b18ba60 Uncommon trap: trap_request=0xffffff45 fr.pc=0x0000029a567265bc relative=0x000000000000017c
Event: 71.319 Thread 0x0000029a6b18ba60 Uncommon trap: reason=unstable_if action=reinterpret pc=0x0000029a567265bc method=java.util.zip.ZipFile$Source.isMetaName([BII)Z @ 57 c2
Event: 71.319 Thread 0x0000029a6b18ba60 DEOPT PACKING pc=0x0000029a567265bc sp=0x000000baf7cfdcf0
Event: 71.319 Thread 0x0000029a6b18ba60 DEOPT UNPACKING pc=0x0000029a55f43aa2 sp=0x000000baf7cfdc80 mode 2
Event: 72.068 Thread 0x0000029a6b852460 DEOPT PACKING pc=0x0000029a5007b2f0 sp=0x000000bafabfe2c0
Event: 72.068 Thread 0x0000029a6b852460 DEOPT UNPACKING pc=0x0000029a55f44242 sp=0x000000bafabfd890 mode 0
Event: 72.219 Thread 0x0000029a6b189990 DEOPT PACKING pc=0x0000029a5007b2f0 sp=0x000000baf7bfe360
Event: 72.219 Thread 0x0000029a6b189990 DEOPT UNPACKING pc=0x0000029a55f44242 sp=0x000000baf7bfd948 mode 0

Classes loaded (20 events):
Event: 50.471 Loading class java/nio/channels/NonWritableChannelException
Event: 50.472 Loading class java/nio/channels/NonWritableChannelException done
Event: 52.290 Loading class java/util/Hashtable$ValueCollection
Event: 52.291 Loading class java/util/Hashtable$ValueCollection done
Event: 52.679 Loading class java/nio/charset/CharacterCodingException
Event: 52.680 Loading class java/nio/charset/CharacterCodingException done
Event: 52.680 Loading class java/io/SequenceInputStream
Event: 52.680 Loading class java/io/SequenceInputStream done
Event: 52.731 Loading class java/util/WeakHashMap$KeyIterator
Event: 52.731 Loading class java/util/WeakHashMap$KeyIterator done
Event: 52.903 Loading class java/util/concurrent/ForkJoinTask$AdaptedCallable
Event: 52.903 Loading class java/util/concurrent/ForkJoinTask$AdaptedCallable done
Event: 53.032 Loading class java/util/Hashtable$KeySet
Event: 53.033 Loading class java/util/Hashtable$KeySet done
Event: 53.346 Loading class java/lang/UnsupportedClassVersionError
Event: 53.347 Loading class java/lang/UnsupportedClassVersionError done
Event: 68.044 Loading class sun/nio/cs/ISO_8859_1$Decoder
Event: 68.478 Loading class sun/nio/cs/ISO_8859_1$Decoder done
Event: 71.456 Loading class java/lang/invoke/MethodHandleImpl$CountingWrapper$1
Event: 71.457 Loading class java/lang/invoke/MethodHandleImpl$CountingWrapper$1 done

Classes unloaded (7 events):
Event: 36.886 Thread 0x0000029a4b830bf0 Unloading class 0x0000029a011ac800 'java/lang/invoke/LambdaForm$MH+0x0000029a011ac800'
Event: 36.886 Thread 0x0000029a4b830bf0 Unloading class 0x0000029a011ac400 'java/lang/invoke/LambdaForm$MH+0x0000029a011ac400'
Event: 36.886 Thread 0x0000029a4b830bf0 Unloading class 0x0000029a011ac000 'java/lang/invoke/LambdaForm$MH+0x0000029a011ac000'
Event: 36.886 Thread 0x0000029a4b830bf0 Unloading class 0x0000029a011abc00 'java/lang/invoke/LambdaForm$MH+0x0000029a011abc00'
Event: 36.886 Thread 0x0000029a4b830bf0 Unloading class 0x0000029a011ab800 'java/lang/invoke/LambdaForm$BMH+0x0000029a011ab800'
Event: 36.886 Thread 0x0000029a4b830bf0 Unloading class 0x0000029a011ab400 'java/lang/invoke/LambdaForm$DMH+0x0000029a011ab400'
Event: 36.886 Thread 0x0000029a4b830bf0 Unloading class 0x0000029a011aa000 'java/lang/invoke/LambdaForm$DMH+0x0000029a011aa000'

Classes redefined (0 events):
No events

Internal exceptions (20 events):
Event: 55.489 Thread 0x0000029a6b852460 Implicit null exception at 0x0000029a5694fc28 to 0x0000029a56950510
Event: 57.633 Thread 0x0000029a6b853810 Exception <a 'java/lang/ArrayIndexOutOfBoundsException'{0x00000000d5bf4fb8}> (0x00000000d5bf4fb8) 
thrown [s\src\hotspot\share\runtime\sharedRuntime.cpp, line 625]
Event: 60.184 Thread 0x0000029a6b189990 Implicit null exception at 0x0000029a56d54ce0 to 0x0000029a56d57790
Event: 60.219 Thread 0x0000029a6b852460 Implicit null exception at 0x0000029a56d0ef86 to 0x0000029a56d0f090
Event: 60.470 Thread 0x0000029a6b18ba60 Exception <a 'java/lang/NoSuchMethodError'{0x00000000d5bd1b08}: 'void java.lang.invoke.DirectMethodHandle$Holder.invokeInterface(java.lang.Object, java.lang.Object)'> (0x00000000d5bd1b08) 
thrown [s\src\hotspot\share\interpreter\linkResolver.cpp, line 773]
Event: 60.823 Thread 0x0000029a69d68ef0 Implicit null exception at 0x0000029a56d8d2bf to 0x0000029a56d8d654
Event: 68.830 Thread 0x0000029a69d69580 Implicit null exception at 0x0000029a56e08714 to 0x0000029a56e0b45c
Event: 70.156 Thread 0x0000029a6b18ba60 Implicit null exception at 0x0000029a567b14aa to 0x0000029a567b1650
Event: 70.157 Thread 0x0000029a6b18ba60 Implicit null exception at 0x0000029a567b348c to 0x0000029a567b35d8
Event: 70.684 Thread 0x0000029a6b18ba60 Implicit null exception at 0x0000029a56e67c40 to 0x0000029a56e68140
Event: 70.708 Thread 0x0000029a6b18ba60 Exception <a 'sun/nio/fs/WindowsException'{0x00000000d585ff98}> (0x00000000d585ff98) 
thrown [s\src\hotspot\share\prims\jni.cpp, line 520]
Event: 70.708 Thread 0x0000029a6b18ba60 Exception <a 'sun/nio/fs/WindowsException'{0x00000000d5860658}> (0x00000000d5860658) 
thrown [s\src\hotspot\share\prims\jni.cpp, line 520]
Event: 102.439 Thread 0x0000029a6b851dd0 Exception <a 'sun/nio/fs/WindowsException'{0x00000000d57223a0}> (0x00000000d57223a0) 
thrown [s\src\hotspot\share\prims\jni.cpp, line 520]
Event: 102.446 Thread 0x0000029a6b851dd0 Exception <a 'sun/nio/fs/WindowsException'{0x00000000d5722d30}> (0x00000000d5722d30) 
thrown [s\src\hotspot\share\prims\jni.cpp, line 520]
Event: 102.447 Thread 0x0000029a6b851dd0 Exception <a 'sun/nio/fs/WindowsException'{0x00000000d5723c58}> (0x00000000d5723c58) 
thrown [s\src\hotspot\share\prims\jni.cpp, line 520]
Event: 102.447 Thread 0x0000029a6b851dd0 Exception <a 'sun/nio/fs/WindowsException'{0x00000000d57245c8}> (0x00000000d57245c8) 
thrown [s\src\hotspot\share\prims\jni.cpp, line 520]
Event: 102.448 Thread 0x0000029a6b851dd0 Exception <a 'sun/nio/fs/WindowsException'{0x00000000d5725f68}> (0x00000000d5725f68) 
thrown [s\src\hotspot\share\prims\jni.cpp, line 520]
Event: 102.448 Thread 0x0000029a6b851dd0 Exception <a 'sun/nio/fs/WindowsException'{0x00000000d57268d8}> (0x00000000d57268d8) 
thrown [s\src\hotspot\share\prims\jni.cpp, line 520]
Event: 102.466 Thread 0x0000029a6b851dd0 Exception <a 'sun/nio/fs/WindowsException'{0x00000000d581a488}> (0x00000000d581a488) 
thrown [s\src\hotspot\share\prims\jni.cpp, line 520]
Event: 102.466 Thread 0x0000029a6b851dd0 Exception <a 'sun/nio/fs/WindowsException'{0x00000000d581adf8}> (0x00000000d581adf8) 
thrown [s\src\hotspot\share\prims\jni.cpp, line 520]

ZGC Phase Switch (0 events):
No events

VM Operations (20 events):
Event: 73.682 Executing safepoint VM operation: ParallelGCFailedAllocation (Allocation Failure)
Event: 73.684 Executing safepoint VM operation: ParallelGCFailedAllocation (Allocation Failure) done
Event: 73.731 Executing safepoint VM operation: ParallelGCFailedAllocation (Allocation Failure)
Event: 73.732 Executing safepoint VM operation: ParallelGCFailedAllocation (Allocation Failure) done
Event: 73.749 Executing safepoint VM operation: ParallelGCFailedAllocation (Allocation Failure)
Event: 73.751 Executing safepoint VM operation: ParallelGCFailedAllocation (Allocation Failure) done
Event: 74.761 Executing safepoint VM operation: Cleanup
Event: 74.761 Executing safepoint VM operation: Cleanup done
Event: 80.813 Executing safepoint VM operation: Cleanup
Event: 80.813 Executing safepoint VM operation: Cleanup done
Event: 83.826 Executing safepoint VM operation: Cleanup
Event: 83.826 Executing safepoint VM operation: Cleanup done
Event: 91.887 Executing safepoint VM operation: Cleanup
Event: 91.887 Executing safepoint VM operation: Cleanup done
Event: 101.718 Executing safepoint VM operation: ParallelGCFailedAllocation (Allocation Failure)
Event: 101.756 Executing safepoint VM operation: ParallelGCFailedAllocation (Allocation Failure) done
Event: 102.770 Executing safepoint VM operation: Cleanup
Event: 103.412 Executing safepoint VM operation: Cleanup done
Event: 104.417 Executing safepoint VM operation: Cleanup
Event: 104.417 Executing safepoint VM operation: Cleanup done

Memory protections (0 events):
No events

Nmethod flushes (20 events):
Event: 53.286 Thread 0x0000029a4b830bf0 flushing  nmethod 0x0000029a4f68c790
Event: 53.286 Thread 0x0000029a4b830bf0 flushing  nmethod 0x0000029a4f68cd90
Event: 53.286 Thread 0x0000029a4b830bf0 flushing  nmethod 0x0000029a4f68d190
Event: 53.286 Thread 0x0000029a4b830bf0 flushing  nmethod 0x0000029a4f68d790
Event: 53.286 Thread 0x0000029a4b830bf0 flushing  nmethod 0x0000029a4f68ed10
Event: 53.286 Thread 0x0000029a4b830bf0 flushing  nmethod 0x0000029a4f695610
Event: 53.286 Thread 0x0000029a4b830bf0 flushing  nmethod 0x0000029a4f6bbe90
Event: 53.286 Thread 0x0000029a4b830bf0 flushing  nmethod 0x0000029a4f6f9510
Event: 53.286 Thread 0x0000029a4b830bf0 flushing osr nmethod 0x0000029a4f6faf90
Event: 53.286 Thread 0x0000029a4b830bf0 flushing  nmethod 0x0000029a4f71f110
Event: 53.286 Thread 0x0000029a4b830bf0 flushing  nmethod 0x0000029a4f720a90
Event: 53.286 Thread 0x0000029a4b830bf0 flushing  nmethod 0x0000029a4f722990
Event: 53.286 Thread 0x0000029a4b830bf0 flushing  nmethod 0x0000029a4f723290
Event: 53.286 Thread 0x0000029a4b830bf0 flushing  nmethod 0x0000029a4f724390
Event: 53.286 Thread 0x0000029a4b830bf0 flushing  nmethod 0x0000029a4f73a210
Event: 53.286 Thread 0x0000029a4b830bf0 flushing  nmethod 0x0000029a4f73b810
Event: 53.286 Thread 0x0000029a4b830bf0 flushing  nmethod 0x0000029a4f74bd90
Event: 53.286 Thread 0x0000029a4b830bf0 flushing  nmethod 0x0000029a4f78d910
Event: 53.286 Thread 0x0000029a4b830bf0 flushing  nmethod 0x0000029a4f78eb10
Event: 53.286 Thread 0x0000029a4b830bf0 flushing  nmethod 0x0000029a4f7cfe10

Events (20 events):
Event: 68.912 Thread 0x0000029a63689460 Thread added: 0x0000029a6cc61270
Event: 68.913 Thread 0x0000029a6cc61270 Thread added: 0x0000029a6cc61940
Event: 69.319 Thread 0x0000029a6cc62db0 Thread exited: 0x0000029a6cc62db0
Event: 69.814 Thread 0x0000029a6cc61270 Thread added: 0x0000029a6cc62010
Event: 70.147 Thread 0x0000029a69d6a930 Thread exited: 0x0000029a69d6a930
Event: 70.147 Thread 0x0000029a69d68ef0 Thread exited: 0x0000029a69d68ef0
Event: 70.148 Thread 0x0000029a69d69580 Thread exited: 0x0000029a69d69580
Event: 70.148 Thread 0x0000029a69d69c10 Thread exited: 0x0000029a69d69c10
Event: 70.150 Thread 0x0000029a69d6bce0 Thread exited: 0x0000029a69d6bce0
Event: 70.169 Thread 0x0000029a6cc61940 Thread added: 0x0000029a6cc62db0
Event: 70.171 Thread 0x0000029a6cc61270 Thread added: 0x0000029a6c200cf0
Event: 70.587 Thread 0x0000029a6c200cf0 Thread exited: 0x0000029a6c200cf0
Event: 70.722 Thread 0x0000029a6cc62db0 Thread exited: 0x0000029a6cc62db0
Event: 70.722 Thread 0x0000029a6cc62010 Thread exited: 0x0000029a6cc62010
Event: 70.920 Thread 0x0000029a6cc61940 Thread added: 0x0000029a6cc62010
Event: 71.458 Thread 0x0000029a6cc62010 Thread exited: 0x0000029a6cc62010
Event: 74.479 Thread 0x0000029a6cc61940 Thread exited: 0x0000029a6cc61940
Event: 79.567 Thread 0x0000029a6cc61270 Thread exited: 0x0000029a6cc61270
Event: 83.521 Thread 0x0000029a6cc60ba0 Thread exited: 0x0000029a6cc60ba0
Event: 102.351 Thread 0x0000029a63689460 Thread added: 0x0000029a6cc62db0


Dynamic libraries:
0x00007ff66af70000 - 0x00007ff66af7e000 	c:\Users\davi4\.windsurf\extensions\redhat.java-1.53.0-win32-x64\jre\21.0.10-win32-x86_64\bin\java.exe
0x00007ff958800000 - 0x00007ff958a67000 	C:\WINDOWS\SYSTEM32\ntdll.dll
0x00007ff9573c0000 - 0x00007ff957489000 	C:\WINDOWS\System32\KERNEL32.DLL
0x00007ff955bf0000 - 0x00007ff955fe1000 	C:\WINDOWS\System32\KERNELBASE.dll
0x00007ff955aa0000 - 0x00007ff955beb000 	C:\WINDOWS\System32\ucrtbase.dll
0x00007ff91f350000 - 0x00007ff91f368000 	c:\Users\davi4\.windsurf\extensions\redhat.java-1.53.0-win32-x64\jre\21.0.10-win32-x86_64\bin\jli.dll
0x00007ff9578a0000 - 0x00007ff957a65000 	C:\WINDOWS\System32\USER32.dll
0x00007ff9564c0000 - 0x00007ff9564e7000 	C:\WINDOWS\System32\win32u.dll
0x00007ff957630000 - 0x00007ff95765b000 	C:\WINDOWS\System32\GDI32.dll
0x00007ff955ff0000 - 0x00007ff95611b000 	C:\WINDOWS\System32\gdi32full.dll
0x00007ff9562a0000 - 0x00007ff956343000 	C:\WINDOWS\System32\msvcp_win.dll
0x00007ff93aa20000 - 0x00007ff93acb3000 	C:\WINDOWS\WinSxS\amd64_microsoft.windows.common-controls_6595b64144ccf1df_6.0.26100.8037_none_3e092faae333b53b\COMCTL32.dll
0x00007ff925f20000 - 0x00007ff925f3e000 	c:\Users\davi4\.windsurf\extensions\redhat.java-1.53.0-win32-x64\jre\21.0.10-win32-x86_64\bin\VCRUNTIME140.dll
0x00007ff958710000 - 0x00007ff9587b9000 	C:\WINDOWS\System32\msvcrt.dll
0x00007ff957660000 - 0x00007ff957691000 	C:\WINDOWS\System32\IMM32.DLL
0x00007ff937b60000 - 0x00007ff937b6c000 	c:\Users\davi4\.windsurf\extensions\redhat.java-1.53.0-win32-x64\jre\21.0.10-win32-x86_64\bin\vcruntime140_1.dll
0x00007ff8774d0000 - 0x00007ff87755d000 	c:\Users\davi4\.windsurf\extensions\redhat.java-1.53.0-win32-x64\jre\21.0.10-win32-x86_64\bin\msvcp140.dll
0x00007ff874260000 - 0x00007ff875001000 	c:\Users\davi4\.windsurf\extensions\redhat.java-1.53.0-win32-x64\jre\21.0.10-win32-x86_64\bin\server\jvm.dll
0x00007ff957300000 - 0x00007ff9573bb000 	C:\WINDOWS\System32\ADVAPI32.dll
0x00007ff958010000 - 0x00007ff9580b7000 	C:\WINDOWS\System32\sechost.dll
0x00007ff957720000 - 0x00007ff957838000 	C:\WINDOWS\System32\RPCRT4.dll
0x00007ff957270000 - 0x00007ff9572e4000 	C:\WINDOWS\System32\WS2_32.dll
0x00007ff954f40000 - 0x00007ff954f9e000 	C:\WINDOWS\SYSTEM32\POWRPROF.dll
0x00007ff94d9b0000 - 0x00007ff94d9bb000 	C:\WINDOWS\SYSTEM32\VERSION.dll
0x00007ff947e90000 - 0x00007ff947ec5000 	C:\WINDOWS\SYSTEM32\WINMM.dll
0x00007ff954f20000 - 0x00007ff954f34000 	C:\WINDOWS\SYSTEM32\UMPDC.dll
0x00007ff953e30000 - 0x00007ff953e4b000 	C:\WINDOWS\SYSTEM32\kernel.appcore.dll
0x00007ff937b30000 - 0x00007ff937b3a000 	c:\Users\davi4\.windsurf\extensions\redhat.java-1.53.0-win32-x64\jre\21.0.10-win32-x86_64\bin\jimage.dll
0x00007ff93d670000 - 0x00007ff93d8b2000 	C:\WINDOWS\SYSTEM32\DBGHELP.DLL
0x00007ff956ee0000 - 0x00007ff957262000 	C:\WINDOWS\System32\combase.dll
0x00007ff957d50000 - 0x00007ff957e27000 	C:\WINDOWS\System32\OLEAUT32.dll
0x00007ff939c60000 - 0x00007ff939c9b000 	C:\WINDOWS\SYSTEM32\dbgcore.DLL
0x00007ff9564f0000 - 0x00007ff956595000 	C:\WINDOWS\System32\bcryptPrimitives.dll
0x00007ff936fb0000 - 0x00007ff936fbf000 	c:\Users\davi4\.windsurf\extensions\redhat.java-1.53.0-win32-x64\jre\21.0.10-win32-x86_64\bin\instrument.dll
0x00007ff91cf20000 - 0x00007ff91cf40000 	c:\Users\davi4\.windsurf\extensions\redhat.java-1.53.0-win32-x64\jre\21.0.10-win32-x86_64\bin\java.dll
0x00007ff9566a0000 - 0x00007ff956dff000 	C:\WINDOWS\System32\SHELL32.dll
0x00007ff956350000 - 0x00007ff9564ba000 	C:\WINDOWS\System32\wintypes.dll
0x00007ff955230000 - 0x00007ff955a94000 	C:\WINDOWS\System32\windows.storage.dll
0x00007ff9565a0000 - 0x00007ff956697000 	C:\WINDOWS\System32\SHCORE.dll
0x00007ff9576a0000 - 0x00007ff957707000 	C:\WINDOWS\System32\shlwapi.dll
0x00007ff955000000 - 0x00007ff955029000 	C:\WINDOWS\SYSTEM32\profapi.dll
0x00007ff91be60000 - 0x00007ff91be78000 	c:\Users\davi4\.windsurf\extensions\redhat.java-1.53.0-win32-x64\jre\21.0.10-win32-x86_64\bin\zip.dll
0x00007ff938670000 - 0x00007ff938680000 	C:\Users\davi4\.windsurf\extensions\redhat.java-1.53.0-win32-x64\jre\21.0.10-win32-x86_64\bin\net.dll
0x00007ff94dbf0000 - 0x00007ff94dd17000 	C:\WINDOWS\SYSTEM32\WINHTTP.dll
0x00007ff954380000 - 0x00007ff9543eb000 	C:\WINDOWS\system32\mswsock.dll
0x00007ff91aea0000 - 0x00007ff91aeb6000 	C:\Users\davi4\.windsurf\extensions\redhat.java-1.53.0-win32-x64\jre\21.0.10-win32-x86_64\bin\nio.dll
0x00007ff925ea0000 - 0x00007ff925eb0000 	c:\Users\davi4\.windsurf\extensions\redhat.java-1.53.0-win32-x64\jre\21.0.10-win32-x86_64\bin\verify.dll
0x00007ff915510000 - 0x00007ff915555000 	C:\Users\davi4\AppData\Roaming\Windsurf\User\globalStorage\redhat.java\1.53.0\config_win\org.eclipse.equinox.launcher\org.eclipse.equinox.launcher.win32.win32.x86_64_1.3.0.v20260203-2149\eclipse_11919.dll
0x00007ff957490000 - 0x00007ff957625000 	C:\WINDOWS\System32\ole32.dll
0x00007ff954780000 - 0x00007ff95479b000 	C:\WINDOWS\SYSTEM32\CRYPTSP.dll
0x00007ff953d90000 - 0x00007ff953dc9000 	C:\WINDOWS\system32\rsaenh.dll
0x00007ff954430000 - 0x00007ff954462000 	C:\WINDOWS\SYSTEM32\USERENV.dll
0x00007ff954fd0000 - 0x00007ff954ffa000 	C:\WINDOWS\SYSTEM32\bcrypt.dll
0x00007ff9545e0000 - 0x00007ff9545ec000 	C:\WINDOWS\SYSTEM32\CRYPTBASE.dll
0x00007ff953810000 - 0x00007ff953843000 	C:\WINDOWS\SYSTEM32\IPHLPAPI.DLL
0x00007ff956e40000 - 0x00007ff956e4a000 	C:\WINDOWS\System32\NSI.dll
0x00007ff890c00000 - 0x00007ff890c49000 	C:\Users\davi4\AppData\Local\Temp\jna-95358532\jna3043834697867385362.dll
0x00007ff957710000 - 0x00007ff957718000 	C:\WINDOWS\System32\PSAPI.DLL
0x00007ff94df00000 - 0x00007ff94df1d000 	C:\WINDOWS\SYSTEM32\dhcpcsvc6.DLL
0x00007ff94d9c0000 - 0x00007ff94d9e3000 	C:\WINDOWS\SYSTEM32\dhcpcsvc.DLL

JVMTI agents:
c:\Users\davi4\.windsurf\extensions\redhat.java-1.53.0-win32-x64\lombok\lombok-1.18.39-4050.jar path:c:\Users\davi4\.windsurf\extensions\redhat.java-1.53.0-win32-x64\jre\21.0.10-win32-x86_64\bin\instrument.dll, loaded, initialized, instrumentlib options:none

dbghelp: loaded successfully - version: 4.0.5 - missing functions: none
symbol engine: initialized successfully - sym options: 0x614 - pdb path: .;c:\Users\davi4\.windsurf\extensions\redhat.java-1.53.0-win32-x64\jre\21.0.10-win32-x86_64\bin;C:\WINDOWS\SYSTEM32;C:\WINDOWS\WinSxS\amd64_microsoft.windows.common-controls_6595b64144ccf1df_6.0.26100.8037_none_3e092faae333b53b;c:\Users\davi4\.windsurf\extensions\redhat.java-1.53.0-win32-x64\jre\21.0.10-win32-x86_64\bin\server;C:\Users\davi4\AppData\Roaming\Windsurf\User\globalStorage\redhat.java\1.53.0\config_win\org.eclipse.equinox.launcher\org.eclipse.equinox.launcher.win32.win32.x86_64_1.3.0.v20260203-2149;C:\Users\davi4\AppData\Local\Temp\jna-95358532

VM Arguments:
jvm_args: --add-modules=ALL-SYSTEM --add-opens=java.base/java.util=ALL-UNNAMED --add-opens=java.base/java.lang=ALL-UNNAMED --add-opens=java.base/sun.nio.fs=ALL-UNNAMED -Declipse.application=org.eclipse.jdt.ls.core.id1 -Dosgi.bundles.defaultStartLevel=4 -Declipse.product=org.eclipse.jdt.ls.core.product -Djava.import.generatesMetadataFilesAtProjectRoot=false -DDetectVMInstallationsJob.disabled=true -Dfile.encoding=utf8 -XX:+UseParallelGC -XX:GCTimeRatio=4 -XX:AdaptiveSizePolicyWeight=90 -Dsun.zip.disableMemoryMapping=true -Xmx2G -Xms100m -Xlog:disable -javaagent:c:\Users\davi4\.windsurf\extensions\redhat.java-1.53.0-win32-x64\lombok\lombok-1.18.39-4050.jar -XX:+HeapDumpOnOutOfMemoryError -XX:HeapDumpPath=c:\Users\davi4\AppData\Roaming\Windsurf\User\workspaceStorage\6f84abe01a6980b6e66c6f0ba35945eb\redhat.java -Daether.dependencyCollector.impl=bf 
java_command: c:\Users\davi4\.windsurf\extensions\redhat.java-1.53.0-win32-x64\server\plugins\org.eclipse.equinox.launcher_1.7.100.v20251111-0406.jar -configuration c:\Users\davi4\AppData\Roaming\Windsurf\User\globalStorage\redhat.java\1.53.0\config_win -data c:\Users\davi4\AppData\Roaming\Windsurf\User\workspaceStorage\6f84abe01a6980b6e66c6f0ba35945eb\redhat.java\jdt_ws --pipe=\\.\pipe\lsp-f7b3bdf7b2ba2ff6833f44d01e0a1065-sock
java_class_path (initial): c:\Users\davi4\.windsurf\extensions\redhat.java-1.53.0-win32-x64\server\plugins\org.eclipse.equinox.launcher_1.7.100.v20251111-0406.jar
Launcher Type: SUN_STANDARD

[Global flags]
    uintx AdaptiveSizePolicyWeight                 = 90                                        {product} {command line}
     intx CICompilerCount                          = 12                                        {product} {ergonomic}
    uintx GCTimeRatio                              = 4                                         {product} {command line}
     bool HeapDumpOnOutOfMemoryError               = true                                   {manageable} {command line}
    ccstr HeapDumpPath                             = c:\Users\davi4\AppData\Roaming\Windsurf\User\workspaceStorage\6f84abe01a6980b6e66c6f0ba35945eb\redhat.java         {manageable} {command line}
   size_t InitialHeapSize                          = 104857600                                 {product} {command line}
   size_t MaxHeapSize                              = 2147483648                                {product} {command line}
   size_t MaxNewSize                               = 715653120                                 {product} {ergonomic}
   size_t MinHeapDeltaBytes                        = 524288                                    {product} {ergonomic}
   size_t MinHeapSize                              = 104857600                                 {product} {command line}
   size_t NewSize                                  = 34603008                                  {product} {ergonomic}
    uintx NonNMethodCodeHeapSize                   = 7602480                                {pd product} {ergonomic}
    uintx NonProfiledCodeHeapSize                  = 122027880                              {pd product} {ergonomic}
   size_t OldSize                                  = 70254592                                  {product} {ergonomic}
    uintx ProfiledCodeHeapSize                     = 122027880                              {pd product} {ergonomic}
    uintx ReservedCodeCacheSize                    = 251658240                              {pd product} {ergonomic}
     bool SegmentedCodeCache                       = true                                      {product} {ergonomic}
   size_t SoftMaxHeapSize                          = 2147483648                             {manageable} {ergonomic}
     bool UseCompressedOops                        = true                           {product lp64_product} {ergonomic}
     bool UseLargePagesIndividualAllocation        = false                                  {pd product} {ergonomic}
     bool UseParallelGC                            = true                                      {product} {command line}

Logging:
Log output configuration:
 #0: stdout all=off uptime,level,tags foldmultilines=false
 #1: stderr all=off uptime,level,tags foldmultilines=false

Release file:
JAVA_VERSION="21.0.10" 
MODULES="java.base java.compiler java.datatransfer java.xml java.prefs java.desktop java.instrument java.logging java.management java.security.sasl java.naming java.rmi java.management.rmi java.net.http java.scripting java.security.jgss java.transaction.xa java.sql java.sql.rowset java.xml.crypto java.se java.smartcardio jdk.accessibility jdk.internal.jvmstat jdk.attach jdk.charsets jdk.internal.opt jdk.zipfs jdk.compiler jdk.crypto.ec jdk.crypto.cryptoki jdk.crypto.mscapi jdk.dynalink jdk.internal.ed jdk.editpad jdk.hotspot.agent jdk.httpserver jdk.internal.le jdk.internal.vm.ci jdk.internal.vm.compiler jdk.internal.vm.compiler.management jdk.jartool jdk.javadoc jdk.jcmd jdk.management jdk.management.agent jdk.jconsole jdk.jdeps jdk.jdwp.agent jdk.jdi jdk.jfr jdk.jshell jdk.jsobject jdk.jstatd jdk.localedata jdk.management.jfr jdk.naming.dns jdk.naming.rmi jdk.net jdk.nio.mapmode jdk.random jdk.sctp jdk.security.auth jdk.security.jgss jdk.unsupported jdk.unsupported.desktop jdk.xml.dom" 

Environment Variables:
JAVA_HOME=C:\Program Files\Amazon Corretto\jdk21.0.8_9
PATH=C:\Program Files\Amazon Corretto\jdk21.0.8_9\bin;C:\Program Files\Common Files\Oracle\Java\javapath;C:\Program Files (x86)\Common Files\Oracle\Java\javapath;C:\app\davi4\product\18.0.0\dbhomeXE\bin;C:\WINDOWS\system32;C:\WINDOWS;C:\WINDOWS\System32\Wbem;C:\WINDOWS\System32\WindowsPowerShell\v1.0\;C:\WINDOWS\System32\OpenSSH\;C:\Program Files (x86)\NVIDIA Corporation\PhysX\Common;C:\Program Files\Git\cmd;;C:\Program Files\Docker\Docker\resources\bin;C:\composer;C:\AppServ\php7;C:\Program Files\Java\jdk1.8.0_111\bin;C:\Program Files\nodejs\;C:\Program Files\NVIDIA Corporation\NVIDIA app\NvDLISR;C:\Users\davi4\.console-ninja\.bin;C:\Users\davi4\AppData\Local\Microsoft\WindowsApps;C:\Users\davi4\AppData\Roaming\nvm;C:\Program Files\nodejs;C:\Users\davi4\AppData\Local\Programs\Microsoft VS Code\bin;C:\Users\davi4\AppData\Local\GitHubDesktop\bin;C:\Program Files\JetBrains\IntelliJ IDEA Community Edition 2025.2.2\bin;C:\Users\davi4\AppData\Roaming\Composer\vendor\bin;C:\AppServ\Apache24\bin;C:\AppServ\php7;C:\AppServ\MySQL\bin;C:\Program Files\Java\jdk-17;C:\flutter\bin;C:\Users\davi4\AppData\Roaming\npm;C:\Users\davi4\AppData\Local\Microsoft\WindowsApps;C:\Users\davi4\AppData\Local\Programs\cursor\resources\app\bin;C:\Users\davi4\AppData\Local\Programs\Windsurf\bin
USERNAME=davi4
OS=Windows_NT
PROCESSOR_IDENTIFIER=AMD64 Family 23 Model 113 Stepping 0, AuthenticAMD
TMP=C:\Users\davi4\AppData\Local\Temp
TEMP=C:\Users\davi4\AppData\Local\Temp




Periodic native trim disabled

---------------  S Y S T E M  ---------------

OS:
 Windows 11 , 64 bit Build 26100 (10.0.26100.7920)
OS uptime: 0 days 0:35 hours
Hyper-V role detected

CPU: total 16 (initial active 16) (16 cores per cpu, 2 threads per core) family 23 model 113 stepping 0 microcode 0x8701013, cx8, cmov, fxsr, ht, mmx, 3dnowpref, sse, sse2, sse3, ssse3, sse4a, sse4.1, sse4.2, popcnt, lzcnt, tsc, tscinvbit, avx, avx2, aes, clmul, bmi1, bmi2, adx, sha, fma, vzeroupper, clflush, clflushopt, hv, rdtscp, rdpid, f16c
Processor Information for the first 16 processors :
  Max Mhz: 3593, Current Mhz: 3593, Mhz Limit: 3593

Memory: 4k page, system-wide physical 32719M (6029M free)
TotalPageFile size 48591M (AvailPageFile size 6676M)
current process WorkingSet (physical memory assigned to process): 153M, peak: 334M
current process commit charge ("private bytes"): 435M, peak: 435M

vm_info: OpenJDK 64-Bit Server VM (21.0.10+7-LTS) for windows-amd64 JRE (21.0.10+7-LTS), built on 2026-01-20T00:00:00Z by "admin" with MS VC++ 17.12 (VS2022)

END.
