#
# There is insufficient memory for the Java Runtime Environment to continue.
# Native memory allocation (malloc) failed to allocate 895056 bytes. Error detail: Chunk::new
# Possible reasons:
#   The system is out of physical RAM or swap space
#   This process is running with CompressedOops enabled, and the Java Heap may be blocking the growth of the native heap
# Possible solutions:
#   Reduce memory load on the system
#   Increase physical memory or swap space
#   Check if swap backing store is full
#   Decrease Java heap size (-Xmx/-Xms)
#   Decrease number of Java threads
#   Decrease Java thread stack sizes (-Xss)
#   Set larger code cache with -XX:ReservedCodeCacheSize=
#   JVM is running with Unscaled Compressed Oops mode in which the Java heap is
#     placed in the first 4GB address space. The Java Heap base address is the
#     maximum limit for the native heap growth. Please use -XX:HeapBaseMinAddress
#     to set the Java Heap base and to place the Java Heap above 4GB virtual address.
# This output file may be truncated or incomplete.
#
#  Out of Memory Error (arena.cpp:168), pid=21788, tid=24984
#
# JRE version: OpenJDK Runtime Environment Temurin-21.0.10+7 (21.0.10+7) (build 21.0.10+7-LTS)
# Java VM: OpenJDK 64-Bit Server VM Temurin-21.0.10+7 (21.0.10+7-LTS, mixed mode, sharing, tiered, compressed oops, compressed class ptrs, parallel gc, windows-amd64)
# No core dump will be written. Minidumps are not enabled by default on client versions of Windows
#

---------------  S U M M A R Y ------------

Command Line: --add-modules=ALL-SYSTEM --add-opens=java.base/java.util=ALL-UNNAMED --add-opens=java.base/java.lang=ALL-UNNAMED --add-opens=java.base/sun.nio.fs=ALL-UNNAMED -Declipse.application=org.eclipse.jdt.ls.core.id1 -Dosgi.bundles.defaultStartLevel=4 -Declipse.product=org.eclipse.jdt.ls.core.product -Djava.import.generatesMetadataFilesAtProjectRoot=false -DDetectVMInstallationsJob.disabled=true -Dfile.encoding=utf8 -XX:+UseParallelGC -XX:GCTimeRatio=4 -XX:AdaptiveSizePolicyWeight=90 -Dsun.zip.disableMemoryMapping=true -Xmx2G -Xms100m -Xlog:disable -javaagent:c:\Users\davi4\.windsurf\extensions\redhat.java-1.53.0-win32-x64\lombok\lombok-1.18.39-4050.jar -XX:+HeapDumpOnOutOfMemoryError -XX:HeapDumpPath=c:\Users\davi4\AppData\Roaming\Windsurf\User\workspaceStorage\6f84abe01a6980b6e66c6f0ba35945eb\redhat.java -Daether.dependencyCollector.impl=bf c:\Users\davi4\.windsurf\extensions\redhat.java-1.53.0-win32-x64\server\plugins\org.eclipse.equinox.launcher_1.7.100.v20251111-0406.jar -configuration c:\Users\davi4\AppData\Roaming\Windsurf\User\globalStorage\redhat.java\1.53.0\config_win -data c:\Users\davi4\AppData\Roaming\Windsurf\User\workspaceStorage\6f84abe01a6980b6e66c6f0ba35945eb\redhat.java\jdt_ws --pipe=\\.\pipe\lsp-8d94f710b5d380f79682eba6c5c46adb-sock

Host: AMD Ryzen 7 3700X 8-Core Processor             , 16 cores, 31G,  Windows 11 , 64 bit Build 26100 (10.0.26100.7920)
Time: Thu Mar 12 23:23:45 2026 SA Pacific Standard Time elapsed time: 12292.091182 seconds (0d 3h 24m 52s)

---------------  T H R E A D  ---------------

Current thread (0x000001b886ed9ba0):  JavaThread "C2 CompilerThread0" daemon [_thread_in_native, id=24984, stack(0x000000aae6400000,0x000000aae6500000) (1024K)]


Current CompileTask:
C2:12292091 30731       4       org.eclipse.jdt.internal.compiler.classfmt.AnnotationInfo::decodeDefaultValue (871 bytes)

Stack: [0x000000aae6400000,0x000000aae6500000]
Native frames: (J=compiled Java code, j=interpreted, Vv=VM code, C=native code)
V  [jvm.dll+0x6d7a39]
V  [jvm.dll+0x8b4b26]
V  [jvm.dll+0x8b70de]
V  [jvm.dll+0x8b77c3]
V  [jvm.dll+0x284346]
V  [jvm.dll+0xc66ed]
V  [jvm.dll+0xc6c31]
V  [jvm.dll+0x3bec01]
V  [jvm.dll+0x38b162]
V  [jvm.dll+0x38a5aa]
V  [jvm.dll+0x24c560]
V  [jvm.dll+0x24bb40]
V  [jvm.dll+0x1cb34e]
V  [jvm.dll+0x25b85d]
V  [jvm.dll+0x259dea]
V  [jvm.dll+0x3f857e]
V  [jvm.dll+0x85f59d]
V  [jvm.dll+0x6d626d]
C  [ucrtbase.dll+0x37b0]
C  [KERNEL32.DLL+0x2e8d7]
C  [ntdll.dll+0x8c48c]


---------------  P R O C E S S  ---------------

Threads class SMR info:
_java_thread_list=0x000001b8fb898fa0, length=75, elements={
0x000001b886e2dec0, 0x000001b89d8de1f0, 0x000001b886ed1eb0, 0x000001b886ed6ab0,
0x000001b886ed7770, 0x000001b886ed8300, 0x000001b886ed8d60, 0x000001b886ed9ba0,
0x000001b886ee0880, 0x000001b8dffae1f0, 0x000001b8e160fae0, 0x000001b8e1c06250,
0x000001b8e00a2a70, 0x000001b8e622d060, 0x000001b8e172d380, 0x000001b8e67f2160,
0x000001b8e1dc65f0, 0x000001b8e64f7aa0, 0x000001b8e64f4cb0, 0x000001b8e64f6060,
0x000001b8e6e95e10, 0x000001b8e6e936b0, 0x000001b8e6e93d40, 0x000001b8e6e94a60,
0x000001b8e6e93020, 0x000001b8e6e943d0, 0x000001b8e6e950f0, 0x000001b8e6e92990,
0x000001b8e6e97850, 0x000001b8e6e97ee0, 0x000001b8e6e964a0, 0x000001b8e6e98570,
0x000001b8e6e99920, 0x000001b8e6e99fb0, 0x000001b8e6e99290, 0x000001b8e6e98c00,
0x000001b8e6e96b30, 0x000001b8e8f58860, 0x000001b8e8f581d0, 0x000001b8e8f59c10,
0x000001b8e9ad99b0, 0x000001b8e88364e0, 0x000001b8e8836b70, 0x000001b8e88392d0,
0x000001b8e8837890, 0x000001b8e883ad10, 0x000001b8e8839960, 0x000001b8e8839ff0,
0x000001b8e8837f20, 0x000001b8e883ba30, 0x000001b8e88385b0, 0x000001b8e8838c40,
0x000001b8e8835130, 0x000001b8e190a290, 0x000001b8e190bcd0, 0x000001b8e190d710,
0x000001b8e190afb0, 0x000001b8e190eac0, 0x000001b8e190f7e0, 0x000001b8e190f150,
0x000001b8e190c360, 0x000001b8e190d080, 0x000001b8e9ada040, 0x000001b8e9adc110,
0x000001b8e9adc7a0, 0x000001b8e9ada6d0, 0x000001b8e9add4c0, 0x000001b8e9adad60,
0x000001b8e9ae02b0, 0x000001b8e9ae0940, 0x000001b8e9adf590, 0x000001b8e8f57b40,
0x000001b8e8f56790, 0x000001b8ebbb0130, 0x000001b8e8f56e20
}

Java Threads: ( => current thread )
  0x000001b886e2dec0 JavaThread "main"                              [_thread_blocked, id=23888, stack(0x000000aae5a00000,0x000000aae5b00000) (1024K)]
  0x000001b89d8de1f0 JavaThread "Reference Handler"          daemon [_thread_blocked, id=22552, stack(0x000000aae5e00000,0x000000aae5f00000) (1024K)]
  0x000001b886ed1eb0 JavaThread "Finalizer"                  daemon [_thread_blocked, id=2448, stack(0x000000aae5f00000,0x000000aae6000000) (1024K)]
  0x000001b886ed6ab0 JavaThread "Signal Dispatcher"          daemon [_thread_blocked, id=11888, stack(0x000000aae6000000,0x000000aae6100000) (1024K)]
  0x000001b886ed7770 JavaThread "Attach Listener"            daemon [_thread_blocked, id=24616, stack(0x000000aae6100000,0x000000aae6200000) (1024K)]
  0x000001b886ed8300 JavaThread "Service Thread"             daemon [_thread_blocked, id=22888, stack(0x000000aae6200000,0x000000aae6300000) (1024K)]
  0x000001b886ed8d60 JavaThread "Monitor Deflation Thread"   daemon [_thread_blocked, id=20872, stack(0x000000aae6300000,0x000000aae6400000) (1024K)]
=>0x000001b886ed9ba0 JavaThread "C2 CompilerThread0"         daemon [_thread_in_native, id=24984, stack(0x000000aae6400000,0x000000aae6500000) (1024K)]
  0x000001b886ee0880 JavaThread "C1 CompilerThread0"         daemon [_thread_blocked, id=23712, stack(0x000000aae6500000,0x000000aae6600000) (1024K)]
  0x000001b8dffae1f0 JavaThread "Common-Cleaner"             daemon [_thread_blocked, id=5848, stack(0x000000aae6700000,0x000000aae6800000) (1024K)]
  0x000001b8e160fae0 JavaThread "Notification Thread"        daemon [_thread_blocked, id=20072, stack(0x000000aae6c00000,0x000000aae6d00000) (1024K)]
  0x000001b8e1c06250 JavaThread "Active Thread: Equinox Container: 83cb9290-3abc-49fb-9aef-32ba3871a786"        [_thread_blocked, id=19912, stack(0x000000aae7400000,0x000000aae7500000) (1024K)]
  0x000001b8e00a2a70 JavaThread "Refresh Thread: Equinox Container: 83cb9290-3abc-49fb-9aef-32ba3871a786" daemon [_thread_blocked, id=13088, stack(0x000000aae6600000,0x000000aae6700000) (1024K)]
  0x000001b8e622d060 JavaThread "Framework Event Dispatcher: Equinox Container: 83cb9290-3abc-49fb-9aef-32ba3871a786" daemon [_thread_blocked, id=19124, stack(0x000000aae6900000,0x000000aae6a00000) (1024K)]
  0x000001b8e172d380 JavaThread "Start Level: Equinox Container: 83cb9290-3abc-49fb-9aef-32ba3871a786" daemon [_thread_blocked, id=23844, stack(0x000000aae6a00000,0x000000aae6b00000) (1024K)]
  0x000001b8e67f2160 JavaThread "Bundle File Closer"         daemon [_thread_blocked, id=27292, stack(0x000000aae7900000,0x000000aae7a00000) (1024K)]
  0x000001b8e1dc65f0 JavaThread "SCR Component Actor"        daemon [_thread_blocked, id=14176, stack(0x000000aae6b00000,0x000000aae6c00000) (1024K)]
  0x000001b8e64f7aa0 JavaThread "Worker-JM"                         [_thread_blocked, id=28876, stack(0x000000aae7c00000,0x000000aae7d00000) (1024K)]
  0x000001b8e64f4cb0 JavaThread "JNA Cleaner"                daemon [_thread_blocked, id=26556, stack(0x000000aae7d00000,0x000000aae7e00000) (1024K)]
  0x000001b8e64f6060 JavaThread "Java indexing"              daemon [_thread_in_native, id=21508, stack(0x000000aae8200000,0x000000aae8300000) (1024K)]
  0x000001b8e6e95e10 JavaThread "Thread-1"                   daemon [_thread_in_native, id=17128, stack(0x000000aae8a00000,0x000000aae8b00000) (1024K)]
  0x000001b8e6e936b0 JavaThread "Thread-2"                   daemon [_thread_in_native, id=7512, stack(0x000000aae8b00000,0x000000aae8c00000) (1024K)]
  0x000001b8e6e93d40 JavaThread "Thread-3"                   daemon [_thread_in_native, id=23872, stack(0x000000aae8c00000,0x000000aae8d00000) (1024K)]
  0x000001b8e6e94a60 JavaThread "Thread-4"                   daemon [_thread_in_native, id=27960, stack(0x000000aae8d00000,0x000000aae8e00000) (1024K)]
  0x000001b8e6e93020 JavaThread "Thread-5"                   daemon [_thread_in_native, id=30924, stack(0x000000aae8e00000,0x000000aae8f00000) (1024K)]
  0x000001b8e6e943d0 JavaThread "Thread-6"                   daemon [_thread_in_native, id=31648, stack(0x000000aae8f00000,0x000000aae9000000) (1024K)]
  0x000001b8e6e950f0 JavaThread "Thread-7"                   daemon [_thread_in_native, id=2244, stack(0x000000aae9000000,0x000000aae9100000) (1024K)]
  0x000001b8e6e92990 JavaThread "Thread-8"                   daemon [_thread_in_native, id=31440, stack(0x000000aae9100000,0x000000aae9200000) (1024K)]
  0x000001b8e6e97850 JavaThread "Thread-9"                   daemon [_thread_in_native, id=12716, stack(0x000000aae9200000,0x000000aae9300000) (1024K)]
  0x000001b8e6e97ee0 JavaThread "Thread-10"                  daemon [_thread_in_native, id=26580, stack(0x000000aae9300000,0x000000aae9400000) (1024K)]
  0x000001b8e6e964a0 JavaThread "Thread-11"                  daemon [_thread_in_native, id=22372, stack(0x000000aae9400000,0x000000aae9500000) (1024K)]
  0x000001b8e6e98570 JavaThread "Thread-12"                  daemon [_thread_in_native, id=30892, stack(0x000000aae9500000,0x000000aae9600000) (1024K)]
  0x000001b8e6e99920 JavaThread "Thread-13"                  daemon [_thread_in_native, id=5972, stack(0x000000aae9600000,0x000000aae9700000) (1024K)]
  0x000001b8e6e99fb0 JavaThread "Thread-14"                  daemon [_thread_in_native, id=28012, stack(0x000000aae9700000,0x000000aae9800000) (1024K)]
  0x000001b8e6e99290 JavaThread "Thread-15"                  daemon [_thread_in_native, id=14124, stack(0x000000aae9800000,0x000000aae9900000) (1024K)]
  0x000001b8e6e98c00 JavaThread "Thread-16"                  daemon [_thread_in_native, id=31672, stack(0x000000aae9900000,0x000000aae9a00000) (1024K)]
  0x000001b8e6e96b30 JavaThread "Thread-17"                  daemon [_thread_in_native, id=6916, stack(0x000000aae9a00000,0x000000aae9b00000) (1024K)]
  0x000001b8e8f58860 JavaThread "pool-2-thread-1"                   [_thread_blocked, id=5804, stack(0x000000aae9d00000,0x000000aae9e00000) (1024K)]
  0x000001b8e8f581d0 JavaThread "WorkspaceEventsHandler"            [_thread_blocked, id=31572, stack(0x000000aaea300000,0x000000aaea400000) (1024K)]
  0x000001b8e8f59c10 JavaThread "pool-1-thread-1"                   [_thread_blocked, id=19328, stack(0x000000aaea400000,0x000000aaea500000) (1024K)]
  0x000001b8e9ad99b0 JavaThread "Cleaner-0"                  daemon [_thread_blocked, id=37952, stack(0x000000aae8000000,0x000000aae8100000) (1024K)]
  0x000001b8e88364e0 JavaThread "ForkJoinPool.commonPool-worker-72" daemon [_thread_blocked, id=138460, stack(0x000000aae5700000,0x000000aae5800000) (1024K)]
  0x000001b8e8836b70 JavaThread "ForkJoinPool.commonPool-worker-74" daemon [_thread_blocked, id=138468, stack(0x000000aae5900000,0x000000aae5a00000) (1024K)]
  0x000001b8e88392d0 JavaThread "ForkJoinPool.commonPool-worker-75" daemon [_thread_blocked, id=138472, stack(0x000000aae6800000,0x000000aae6900000) (1024K)]
  0x000001b8e8837890 JavaThread "ForkJoinPool.commonPool-worker-76" daemon [_thread_blocked, id=138476, stack(0x000000aae7300000,0x000000aae7400000) (1024K)]
  0x000001b8e883ad10 JavaThread "ForkJoinPool.commonPool-worker-78" daemon [_thread_blocked, id=138484, stack(0x000000aae7f00000,0x000000aae8000000) (1024K)]
  0x000001b8e8839960 JavaThread "ForkJoinPool.commonPool-worker-79" daemon [_thread_blocked, id=138488, stack(0x000000aae8300000,0x000000aae8400000) (1024K)]
  0x000001b8e8839ff0 JavaThread "ForkJoinPool.commonPool-worker-80" daemon [_thread_blocked, id=138492, stack(0x000000aae8400000,0x000000aae8500000) (1024K)]
  0x000001b8e8837f20 JavaThread "ForkJoinPool.commonPool-worker-82" daemon [_thread_blocked, id=138500, stack(0x000000aae8600000,0x000000aae8700000) (1024K)]
  0x000001b8e883ba30 JavaThread "ForkJoinPool.commonPool-worker-83" daemon [_thread_blocked, id=138504, stack(0x000000aae8700000,0x000000aae8800000) (1024K)]
  0x000001b8e88385b0 JavaThread "ForkJoinPool.commonPool-worker-84" daemon [_thread_blocked, id=138508, stack(0x000000aae8800000,0x000000aae8900000) (1024K)]
  0x000001b8e8838c40 JavaThread "ForkJoinPool.commonPool-worker-86" daemon [_thread_blocked, id=138516, stack(0x000000aae9b00000,0x000000aae9c00000) (1024K)]
  0x000001b8e8835130 JavaThread "ForkJoinPool.commonPool-worker-87" daemon [_thread_blocked, id=136052, stack(0x000000aae8500000,0x000000aae8600000) (1024K)]
  0x000001b8e190a290 JavaThread "ForkJoinPool.commonPool-worker-89" daemon [_thread_blocked, id=140116, stack(0x000000aae8100000,0x000000aae8200000) (1024K)]
  0x000001b8e190bcd0 JavaThread "Worker-19"                         [_thread_blocked, id=140004, stack(0x000000aae7e00000,0x000000aae7f00000) (1024K)]
  0x000001b8e190d710 JavaThread "Compiler Source File Reader" daemon [_thread_blocked, id=137840, stack(0x000000aae8900000,0x000000aae8a00000) (1024K)]
  0x000001b8e190afb0 JavaThread "Compiler Source File Reader" daemon [_thread_blocked, id=136904, stack(0x000000aaea000000,0x000000aaea100000) (1024K)]
  0x000001b8e190eac0 JavaThread "Compiler Source File Reader" daemon [_thread_blocked, id=138872, stack(0x000000aaea100000,0x000000aaea200000) (1024K)]
  0x000001b8e190f7e0 JavaThread "Compiler Source File Reader" daemon [_thread_blocked, id=142544, stack(0x000000aaea200000,0x000000aaea300000) (1024K)]
  0x000001b8e190f150 JavaThread "Compiler Source File Reader" daemon [_thread_blocked, id=141552, stack(0x000000aaea500000,0x000000aaea600000) (1024K)]
  0x000001b8e190c360 JavaThread "Compiler Source File Reader" daemon [_thread_blocked, id=102824, stack(0x000000aaea600000,0x000000aaea700000) (1024K)]
  0x000001b8e190d080 JavaThread "Compiler Source File Reader" daemon [_thread_blocked, id=100296, stack(0x000000aaea700000,0x000000aaea800000) (1024K)]
  0x000001b8e9ada040 JavaThread "Compiler Source File Reader" daemon [_thread_blocked, id=142520, stack(0x000000aaea800000,0x000000aaea900000) (1024K)]
  0x000001b8e9adc110 JavaThread "Compiler Source File Reader" daemon [_thread_blocked, id=139724, stack(0x000000aaea900000,0x000000aaeaa00000) (1024K)]
  0x000001b8e9adc7a0 JavaThread "Compiler Source File Reader" daemon [_thread_blocked, id=141852, stack(0x000000aaeaa00000,0x000000aaeab00000) (1024K)]
  0x000001b8e9ada6d0 JavaThread "Compiler Source File Reader" daemon [_thread_blocked, id=141068, stack(0x000000aaeab00000,0x000000aaeac00000) (1024K)]
  0x000001b8e9add4c0 JavaThread "Compiler Source File Reader" daemon [_thread_blocked, id=98228, stack(0x000000aaeb200000,0x000000aaeb300000) (1024K)]
  0x000001b8e9adad60 JavaThread "Worker-20: Java indexing... "        [_thread_blocked, id=102548, stack(0x000000aaeb300000,0x000000aaeb400000) (1024K)]
  0x000001b8e9ae02b0 JavaThread "Compiler Source File Reader" daemon [_thread_blocked, id=140068, stack(0x000000aaead00000,0x000000aaeae00000) (1024K)]
  0x000001b8e9ae0940 JavaThread "Compiler Source File Reader" daemon [_thread_blocked, id=138884, stack(0x000000aaeb500000,0x000000aaeb600000) (1024K)]
  0x000001b8e9adf590 JavaThread "Worker-21"                         [_thread_blocked, id=140528, stack(0x000000aae9f00000,0x000000aaea000000) (1024K)]
  0x000001b8e8f57b40 JavaThread "ForkJoinPool.commonPool-worker-91" daemon [_thread_blocked, id=143628, stack(0x000000aae5800000,0x000000aae5900000) (1024K)]
  0x000001b8e8f56790 JavaThread "ForkJoinPool.commonPool-worker-92" daemon [_thread_blocked, id=135372, stack(0x000000aae9c00000,0x000000aae9d00000) (1024K)]
  0x000001b8ebbb0130 JavaThread "C1 CompilerThread1"         daemon [_thread_blocked, id=21900, stack(0x000000aae9e00000,0x000000aae9f00000) (1024K)]
  0x000001b8e8f56e20 JavaThread "Compiler Processing Task"   daemon [_thread_blocked, id=144992, stack(0x000000aaeac00000,0x000000aaead00000) (1024K)]
Total: 75

Other Threads:
  0x000001b886eceac0 VMThread "VM Thread"                           [id=27352, stack(0x000000aae5d00000,0x000000aae5e00000) (1024K)]
  0x000001b89d7bca10 WatcherThread "VM Periodic Task Thread"        [id=23884, stack(0x000000aae5c00000,0x000000aae5d00000) (1024K)]
  0x000001b886e4b110 WorkerThread "GC Thread#0"                     [id=27708, stack(0x000000aae5b00000,0x000000aae5c00000) (1024K)]
  0x000001b8e1b40b60 WorkerThread "GC Thread#1"                     [id=18392, stack(0x000000aae6d00000,0x000000aae6e00000) (1024K)]
  0x000001b8e1b412c0 WorkerThread "GC Thread#2"                     [id=14812, stack(0x000000aae6e00000,0x000000aae6f00000) (1024K)]
  0x000001b8e1b41dd0 WorkerThread "GC Thread#3"                     [id=28044, stack(0x000000aae6f00000,0x000000aae7000000) (1024K)]
  0x000001b8e1b407b0 WorkerThread "GC Thread#4"                     [id=20956, stack(0x000000aae7000000,0x000000aae7100000) (1024K)]
  0x000001b8e1b41a20 WorkerThread "GC Thread#5"                     [id=23188, stack(0x000000aae7100000,0x000000aae7200000) (1024K)]
  0x000001b8e1b42180 WorkerThread "GC Thread#6"                     [id=20340, stack(0x000000aae7200000,0x000000aae7300000) (1024K)]
  0x000001b8e625de10 WorkerThread "GC Thread#7"                     [id=276, stack(0x000000aae7500000,0x000000aae7600000) (1024K)]
  0x000001b8e625f080 WorkerThread "GC Thread#8"                     [id=26280, stack(0x000000aae7600000,0x000000aae7700000) (1024K)]
  0x000001b8e625f7e0 WorkerThread "GC Thread#9"                     [id=19780, stack(0x000000aae7700000,0x000000aae7800000) (1024K)]
  0x000001b8e625c7f0 WorkerThread "GC Thread#10"                    [id=9872, stack(0x000000aae7800000,0x000000aae7900000) (1024K)]
  0x000001b8e625fb90 WorkerThread "GC Thread#11"                    [id=29056, stack(0x000000aae7a00000,0x000000aae7b00000) (1024K)]
  0x000001b8e625f430 WorkerThread "GC Thread#12"                    [id=27832, stack(0x000000aae7b00000,0x000000aae7c00000) (1024K)]
Total: 15

Threads with active compile tasks:
C2 CompilerThread0  12292134 30731       4       org.eclipse.jdt.internal.compiler.classfmt.AnnotationInfo::decodeDefaultValue (871 bytes)
Total: 1

VM state: not at safepoint (normal execution)

VM Mutex/Monitor currently owned by a thread: None

Heap address: 0x0000000080000000, size: 2048 MB, Compressed Oops mode: 32-bit

CDS archive(s) mapped at: [0x000001b89e000000-0x000001b89eba0000-0x000001b89eba0000), size 12189696, SharedBaseAddress: 0x000001b89e000000, ArchiveRelocationMode: 1.
Compressed class space mapped at: 0x000001b89f000000-0x000001b8df000000, reserved size: 1073741824
Narrow klass base: 0x000001b89e000000, Narrow klass shift: 0, Narrow klass range: 0x100000000

GC Precious Log:
 CardTable entry size: 512
 CPUs: 16 total, 16 available
 Memory: 32719M
 Large Page Support: Disabled
 NUMA Support: Disabled
 Compressed Oops: Enabled (32-bit)
 Alignments: Space 512K, Generation 512K, Heap 2M
 Heap Min Capacity: 100M
 Heap Initial Capacity: 100M
 Heap Max Capacity: 2G
 Pre-touch: Disabled
 Parallel Workers: 13

Heap:
 PSYoungGen      total 10752K, used 8531K [0x00000000d5580000, 0x00000000d6580000, 0x0000000100000000)
  eden space 6144K, 63% used [0x00000000d5580000,0x00000000d5954c88,0x00000000d5b80000)
  from space 4608K, 100% used [0x00000000d5c80000,0x00000000d6100000,0x00000000d6100000)
  to   space 3584K, 0% used [0x00000000d6200000,0x00000000d6200000,0x00000000d6580000)
 ParOldGen       total 1361408K, used 1361198K [0x0000000080000000, 0x00000000d3180000, 0x00000000d5580000)
  object space 1361408K, 99% used [0x0000000080000000,0x00000000d314b810,0x00000000d3180000)
 Metaspace       used 102666K, committed 104320K, reserved 1179648K
  class space    used 10309K, committed 11072K, reserved 1048576K

Card table byte_map: [0x000001b8867d0000,0x000001b886be0000] _byte_map_base: 0x000001b8863d0000

Marking Bits: (ParMarkBitMap*) 0x00007ffae49d3450
 Begin Bits: [0x000001b8992e0000, 0x000001b89b2e0000)
 End Bits:   [0x000001b89b2e0000, 0x000001b89d2e0000)

Polling page: 0x000001b884cd0000

Metaspace:

Usage:
  Non-class:     90.19 MB used.
      Class:     10.07 MB used.
       Both:    100.26 MB used.

Virtual space:
  Non-class space:      128.00 MB reserved,      91.06 MB ( 71%) committed,  2 nodes.
      Class space:        1.00 GB reserved,      10.81 MB (  1%) committed,  1 nodes.
             Both:        1.12 GB reserved,     101.88 MB (  9%) committed. 

Chunk freelists:
   Non-Class:  4.94 MB
       Class:  5.01 MB
        Both:  9.95 MB

MaxMetaspaceSize: unlimited
CompressedClassSpaceSize: 1.00 GB
Initial GC threshold: 21.00 MB
Current GC threshold: 166.88 MB
CDS: on
 - commit_granule_bytes: 65536.
 - commit_granule_words: 8192.
 - virtual_space_node_default_size: 8388608.
 - enlarge_chunks_in_place: 1.
 - use_allocation_guard: 0.


Internal statistics:

num_allocs_failed_limit: 9.
num_arena_births: 2100.
num_arena_deaths: 598.
num_vsnodes_births: 3.
num_vsnodes_deaths: 0.
num_space_committed: 1629.
num_space_uncommitted: 0.
num_chunks_returned_to_freelist: 748.
num_chunks_taken_from_freelist: 7290.
num_chunk_merges: 211.
num_chunk_splits: 4190.
num_chunks_enlarged: 2360.
num_inconsistent_stats: 0.

CodeHeap 'non-profiled nmethods': size=119168Kb used=23926Kb max_used=23926Kb free=95241Kb
 bounds [0x000001b891bd0000, 0x000001b893330000, 0x000001b899030000]
CodeHeap 'profiled nmethods': size=119104Kb used=42731Kb max_used=52253Kb free=76372Kb
 bounds [0x000001b88a030000, 0x000001b88d340000, 0x000001b891480000]
CodeHeap 'non-nmethods': size=7488Kb used=2122Kb max_used=3365Kb free=5365Kb
 bounds [0x000001b891480000, 0x000001b891800000, 0x000001b891bd0000]
CodeCache: size=245760Kb, used=68779Kb, max_used=79544Kb, free=176978Kb
 total_blobs=18330, nmethods=17445, adapters=784, full_count=0
Compilation: enabled, stopped_count=0, restarted_count=0

Compilation events (20 events):
Event: 12287.730 Thread 0x000001b886ee0880 30724       3       org.eclipse.jdt.apt.core.internal.VarJarFactoryContainer::<init> (42 bytes)
Event: 12287.731 Thread 0x000001b8ebbb0130 nmethod 30723 0x000001b88c19a190 code [0x000001b88c19a340, 0x000001b88c19a4c8]
Event: 12287.731 Thread 0x000001b8ebbb0130 30725       3       org.eclipse.jdt.apt.core.internal.JarFactoryContainer::<init> (5 bytes)
Event: 12287.731 Thread 0x000001b8ebbb0130 nmethod 30725 0x000001b88d10cf10 code [0x000001b88d10d0c0, 0x000001b88d10d288]
Event: 12287.731 Thread 0x000001b8ebbb0130 30726       3       org.eclipse.jdt.apt.core.internal.util.FactoryContainer::<init> (5 bytes)
Event: 12287.731 Thread 0x000001b8ebbb0130 nmethod 30726 0x000001b88c927710 code [0x000001b88c9278c0, 0x000001b88c927a28]
Event: 12287.731 Thread 0x000001b8ebbb0130 30727       3       org.eclipse.jdt.apt.core.internal.util.FactoryPath$Attributes::<init> (15 bytes)
Event: 12287.731 Thread 0x000001b8ebbb0130 nmethod 30727 0x000001b88cb79810 code [0x000001b88cb799c0, 0x000001b88cb79b38]
Event: 12287.731 Thread 0x000001b8ebbb0130 30728       3       org.eclipse.jdt.apt.core.internal.util.FactoryPath$Attributes::<init> (21 bytes)
Event: 12287.731 Thread 0x000001b8ebbb0130 nmethod 30728 0x000001b88d002710 code [0x000001b88d0028c0, 0x000001b88d002a48]
Event: 12287.731 Thread 0x000001b886ee0880 nmethod 30724 0x000001b88c43b310 code [0x000001b88c43b540, 0x000001b88c43bb58]
Event: 12287.733 Thread 0x000001b886ee0880 30729   !   3       org.eclipse.jdt.apt.core.internal.JarFactoryContainer::exists (22 bytes)
Event: 12287.734 Thread 0x000001b886ee0880 nmethod 30729 0x000001b88c43a890 code [0x000001b88c43aaa0, 0x000001b88c43afe8]
Event: 12287.734 Thread 0x000001b886ee0880 30730       3       org.eclipse.jdt.internal.core.builder.IncrementalImageBuilder::findSourceFiles (1517 bytes)
Event: 12287.747 Thread 0x000001b886ee0880 nmethod 30730 0x000001b88c39ee90 code [0x000001b88c39fe80, 0x000001b88c3a9d20]
Event: 12287.769 Thread 0x000001b886ed9ba0 30731       4       org.eclipse.jdt.internal.compiler.classfmt.AnnotationInfo::decodeDefaultValue (871 bytes)
Event: 12287.774 Thread 0x000001b886ee0880 30733       1       org.eclipse.jdt.internal.compiler.apt.dispatch.BaseProcessingEnvImpl::getElementUtils (5 bytes)
Event: 12287.774 Thread 0x000001b886ee0880 nmethod 30733 0x000001b89332d290 code [0x000001b89332d420, 0x000001b89332d4e8]
Event: 12287.791 Thread 0x000001b886ee0880 30734       1       org.apache.maven.execution.DefaultMavenExecutionRequest::setMultiModuleProjectDirectory (6 bytes)
Event: 12287.792 Thread 0x000001b886ee0880 nmethod 30734 0x000001b89332d590 code [0x000001b89332d720, 0x000001b89332d800]

GC Heap History (20 events):
Event: 12287.635 GC heap before
{Heap before GC invocations=2714 (full 8):
 PSYoungGen      total 3584K, used 3136K [0x00000000d5580000, 0x00000000d5b80000, 0x0000000100000000)
  eden space 1536K, 100% used [0x00000000d5580000,0x00000000d5700000,0x00000000d5700000)
  from space 2048K, 78% used [0x00000000d5700000,0x00000000d5890000,0x00000000d5900000)
  to   space 2048K, 0% used [0x00000000d5980000,0x00000000d5980000,0x00000000d5b80000)
 ParOldGen       total 1335808K, used 1335664K [0x0000000080000000, 0x00000000d1880000, 0x00000000d5580000)
  object space 1335808K, 99% used [0x0000000080000000,0x00000000d185c240,0x00000000d1880000)
 Metaspace       used 102644K, committed 104320K, reserved 1179648K
  class space    used 10309K, committed 11072K, reserved 1048576K
}
Event: 12287.638 GC heap after
{Heap after GC invocations=2714 (full 8):
 PSYoungGen      total 4096K, used 1664K [0x00000000d5580000, 0x00000000d5b80000, 0x0000000100000000)
  eden space 2048K, 0% used [0x00000000d5580000,0x00000000d5580000,0x00000000d5780000)
  from space 2048K, 81% used [0x00000000d5980000,0x00000000d5b20000,0x00000000d5b80000)
  to   space 2048K, 0% used [0x00000000d5780000,0x00000000d5780000,0x00000000d5980000)
 ParOldGen       total 1337344K, used 1337248K [0x0000000080000000, 0x00000000d1a00000, 0x00000000d5580000)
  object space 1337344K, 99% used [0x0000000080000000,0x00000000d19e8240,0x00000000d1a00000)
 Metaspace       used 102644K, committed 104320K, reserved 1179648K
  class space    used 10309K, committed 11072K, reserved 1048576K
}
Event: 12287.643 GC heap before
{Heap before GC invocations=2715 (full 8):
 PSYoungGen      total 4096K, used 3712K [0x00000000d5580000, 0x00000000d5b80000, 0x0000000100000000)
  eden space 2048K, 100% used [0x00000000d5580000,0x00000000d5780000,0x00000000d5780000)
  from space 2048K, 81% used [0x00000000d5980000,0x00000000d5b20000,0x00000000d5b80000)
  to   space 2048K, 0% used [0x00000000d5780000,0x00000000d5780000,0x00000000d5980000)
 ParOldGen       total 1337344K, used 1337248K [0x0000000080000000, 0x00000000d1a00000, 0x00000000d5580000)
  object space 1337344K, 99% used [0x0000000080000000,0x00000000d19e8240,0x00000000d1a00000)
 Metaspace       used 102644K, committed 104320K, reserved 1179648K
  class space    used 10309K, committed 11072K, reserved 1048576K
}
Event: 12287.646 GC heap after
{Heap after GC invocations=2715 (full 8):
 PSYoungGen      total 4096K, used 2048K [0x00000000d5580000, 0x00000000d6000000, 0x0000000100000000)
  eden space 2048K, 0% used [0x00000000d5580000,0x00000000d5580000,0x00000000d5780000)
  from space 2048K, 100% used [0x00000000d5780000,0x00000000d5980000,0x00000000d5980000)
  to   space 4096K, 0% used [0x00000000d5c00000,0x00000000d5c00000,0x00000000d6000000)
 ParOldGen       total 1338880K, used 1338872K [0x0000000080000000, 0x00000000d1b80000, 0x00000000d5580000)
  object space 1338880K, 99% used [0x0000000080000000,0x00000000d1b7e240,0x00000000d1b80000)
 Metaspace       used 102644K, committed 104320K, reserved 1179648K
  class space    used 10309K, committed 11072K, reserved 1048576K
}
Event: 12287.652 GC heap before
{Heap before GC invocations=2716 (full 8):
 PSYoungGen      total 4096K, used 4096K [0x00000000d5580000, 0x00000000d6000000, 0x0000000100000000)
  eden space 2048K, 100% used [0x00000000d5580000,0x00000000d5780000,0x00000000d5780000)
  from space 2048K, 100% used [0x00000000d5780000,0x00000000d5980000,0x00000000d5980000)
  to   space 4096K, 0% used [0x00000000d5c00000,0x00000000d5c00000,0x00000000d6000000)
 ParOldGen       total 1338880K, used 1338872K [0x0000000080000000, 0x00000000d1b80000, 0x00000000d5580000)
  object space 1338880K, 99% used [0x0000000080000000,0x00000000d1b7e240,0x00000000d1b80000)
 Metaspace       used 102644K, committed 104320K, reserved 1179648K
  class space    used 10309K, committed 11072K, reserved 1048576K
}
Event: 12287.655 GC heap after
{Heap after GC invocations=2716 (full 8):
 PSYoungGen      total 5120K, used 2240K [0x00000000d5580000, 0x00000000d5e80000, 0x0000000100000000)
  eden space 2560K, 0% used [0x00000000d5580000,0x00000000d5580000,0x00000000d5800000)
  from space 2560K, 87% used [0x00000000d5c00000,0x00000000d5e30000,0x00000000d5e80000)
  to   space 3072K, 0% used [0x00000000d5880000,0x00000000d5880000,0x00000000d5b80000)
 ParOldGen       total 1340928K, used 1340904K [0x0000000080000000, 0x00000000d1d80000, 0x00000000d5580000)
  object space 1340928K, 99% used [0x0000000080000000,0x00000000d1d7a240,0x00000000d1d80000)
 Metaspace       used 102644K, committed 104320K, reserved 1179648K
  class space    used 10309K, committed 11072K, reserved 1048576K
}
Event: 12287.661 GC heap before
{Heap before GC invocations=2717 (full 8):
 PSYoungGen      total 5120K, used 4800K [0x00000000d5580000, 0x00000000d5e80000, 0x0000000100000000)
  eden space 2560K, 100% used [0x00000000d5580000,0x00000000d5800000,0x00000000d5800000)
  from space 2560K, 87% used [0x00000000d5c00000,0x00000000d5e30000,0x00000000d5e80000)
  to   space 3072K, 0% used [0x00000000d5880000,0x00000000d5880000,0x00000000d5b80000)
 ParOldGen       total 1340928K, used 1340904K [0x0000000080000000, 0x00000000d1d80000, 0x00000000d5580000)
  object space 1340928K, 99% used [0x0000000080000000,0x00000000d1d7a240,0x00000000d1d80000)
 Metaspace       used 102644K, committed 104320K, reserved 1179648K
  class space    used 10309K, committed 11072K, reserved 1048576K
}
Event: 12287.663 GC heap after
{Heap after GC invocations=2717 (full 8):
 PSYoungGen      total 6144K, used 2784K [0x00000000d5580000, 0x00000000d5e80000, 0x0000000100000000)
  eden space 3072K, 0% used [0x00000000d5580000,0x00000000d5580000,0x00000000d5880000)
  from space 3072K, 90% used [0x00000000d5880000,0x00000000d5b38000,0x00000000d5b80000)
  to   space 3072K, 0% used [0x00000000d5b80000,0x00000000d5b80000,0x00000000d5e80000)
 ParOldGen       total 1343488K, used 1343000K [0x0000000080000000, 0x00000000d2000000, 0x00000000d5580000)
  object space 1343488K, 99% used [0x0000000080000000,0x00000000d1f86240,0x00000000d2000000)
 Metaspace       used 102644K, committed 104320K, reserved 1179648K
  class space    used 10309K, committed 11072K, reserved 1048576K
}
Event: 12287.677 GC heap before
{Heap before GC invocations=2718 (full 8):
 PSYoungGen      total 6144K, used 5559K [0x00000000d5580000, 0x00000000d5e80000, 0x0000000100000000)
  eden space 3072K, 90% used [0x00000000d5580000,0x00000000d5835ef8,0x00000000d5880000)
  from space 3072K, 90% used [0x00000000d5880000,0x00000000d5b38000,0x00000000d5b80000)
  to   space 3072K, 0% used [0x00000000d5b80000,0x00000000d5b80000,0x00000000d5e80000)
 ParOldGen       total 1343488K, used 1343000K [0x0000000080000000, 0x00000000d2000000, 0x00000000d5580000)
  object space 1343488K, 99% used [0x0000000080000000,0x00000000d1f86240,0x00000000d2000000)
 Metaspace       used 102644K, committed 104320K, reserved 1179648K
  class space    used 10309K, committed 11072K, reserved 1048576K
}
Event: 12287.682 GC heap after
{Heap after GC invocations=2718 (full 8):
 PSYoungGen      total 6656K, used 2400K [0x00000000d5580000, 0x00000000d5e80000, 0x0000000100000000)
  eden space 3584K, 0% used [0x00000000d5580000,0x00000000d5580000,0x00000000d5900000)
  from space 3072K, 78% used [0x00000000d5b80000,0x00000000d5dd8000,0x00000000d5e80000)
  to   space 2560K, 0% used [0x00000000d5900000,0x00000000d5900000,0x00000000d5b80000)
 ParOldGen       total 1346048K, used 1345632K [0x0000000080000000, 0x00000000d2280000, 0x00000000d5580000)
  object space 1346048K, 99% used [0x0000000080000000,0x00000000d2218240,0x00000000d2280000)
 Metaspace       used 102644K, committed 104320K, reserved 1179648K
  class space    used 10309K, committed 11072K, reserved 1048576K
}
Event: 12287.715 GC heap before
{Heap before GC invocations=2719 (full 8):
 PSYoungGen      total 6656K, used 5953K [0x00000000d5580000, 0x00000000d5e80000, 0x0000000100000000)
  eden space 3584K, 99% used [0x00000000d5580000,0x00000000d58f87c0,0x00000000d5900000)
  from space 3072K, 78% used [0x00000000d5b80000,0x00000000d5dd8000,0x00000000d5e80000)
  to   space 2560K, 0% used [0x00000000d5900000,0x00000000d5900000,0x00000000d5b80000)
 ParOldGen       total 1346048K, used 1345632K [0x0000000080000000, 0x00000000d2280000, 0x00000000d5580000)
  object space 1346048K, 99% used [0x0000000080000000,0x00000000d2218240,0x00000000d2280000)
 Metaspace       used 102645K, committed 104320K, reserved 1179648K
  class space    used 10309K, committed 11072K, reserved 1048576K
}
Event: 12287.722 GC heap after
{Heap after GC invocations=2719 (full 8):
 PSYoungGen      total 6144K, used 1872K [0x00000000d5580000, 0x00000000d5f00000, 0x0000000100000000)
  eden space 3584K, 0% used [0x00000000d5580000,0x00000000d5580000,0x00000000d5900000)
  from space 2560K, 73% used [0x00000000d5900000,0x00000000d5ad4000,0x00000000d5b80000)
  to   space 2560K, 0% used [0x00000000d5c80000,0x00000000d5c80000,0x00000000d5f00000)
 ParOldGen       total 1347584K, used 1347288K [0x0000000080000000, 0x00000000d2400000, 0x00000000d5580000)
  object space 1347584K, 99% used [0x0000000080000000,0x00000000d23b6240,0x00000000d2400000)
 Metaspace       used 102645K, committed 104320K, reserved 1179648K
  class space    used 10309K, committed 11072K, reserved 1048576K
}
Event: 12287.738 GC heap before
{Heap before GC invocations=2720 (full 8):
 PSYoungGen      total 6144K, used 5441K [0x00000000d5580000, 0x00000000d5f00000, 0x0000000100000000)
  eden space 3584K, 99% used [0x00000000d5580000,0x00000000d58fc778,0x00000000d5900000)
  from space 2560K, 73% used [0x00000000d5900000,0x00000000d5ad4000,0x00000000d5b80000)
  to   space 2560K, 0% used [0x00000000d5c80000,0x00000000d5c80000,0x00000000d5f00000)
 ParOldGen       total 1347584K, used 1347288K [0x0000000080000000, 0x00000000d2400000, 0x00000000d5580000)
  object space 1347584K, 99% used [0x0000000080000000,0x00000000d23b6240,0x00000000d2400000)
 Metaspace       used 102666K, committed 104320K, reserved 1179648K
  class space    used 10309K, committed 11072K, reserved 1048576K
}
Event: 12287.744 GC heap after
{Heap after GC invocations=2720 (full 8):
 PSYoungGen      total 6656K, used 1871K [0x00000000d5580000, 0x00000000d5e80000, 0x0000000100000000)
  eden space 4608K, 0% used [0x00000000d5580000,0x00000000d5580000,0x00000000d5a00000)
  from space 2048K, 91% used [0x00000000d5c80000,0x00000000d5e53c18,0x00000000d5e80000)
  to   space 2048K, 0% used [0x00000000d5a80000,0x00000000d5a80000,0x00000000d5c80000)
 ParOldGen       total 1352704K, used 1352352K [0x0000000080000000, 0x00000000d2900000, 0x00000000d5580000)
  object space 1352704K, 99% used [0x0000000080000000,0x00000000d28a8240,0x00000000d2900000)
 Metaspace       used 102666K, committed 104320K, reserved 1179648K
  class space    used 10309K, committed 11072K, reserved 1048576K
}
Event: 12287.760 GC heap before
{Heap before GC invocations=2721 (full 8):
 PSYoungGen      total 6656K, used 6479K [0x00000000d5580000, 0x00000000d5e80000, 0x0000000100000000)
  eden space 4608K, 100% used [0x00000000d5580000,0x00000000d5a00000,0x00000000d5a00000)
  from space 2048K, 91% used [0x00000000d5c80000,0x00000000d5e53c18,0x00000000d5e80000)
  to   space 2048K, 0% used [0x00000000d5a80000,0x00000000d5a80000,0x00000000d5c80000)
 ParOldGen       total 1352704K, used 1352352K [0x0000000080000000, 0x00000000d2900000, 0x00000000d5580000)
  object space 1352704K, 99% used [0x0000000080000000,0x00000000d28a8240,0x00000000d2900000)
 Metaspace       used 102666K, committed 104320K, reserved 1179648K
  class space    used 10309K, committed 11072K, reserved 1048576K
}
Event: 12287.766 GC heap after
{Heap after GC invocations=2721 (full 8):
 PSYoungGen      total 7168K, used 2028K [0x00000000d5580000, 0x00000000d6900000, 0x0000000100000000)
  eden space 5120K, 0% used [0x00000000d5580000,0x00000000d5580000,0x00000000d5a80000)
  from space 2048K, 99% used [0x00000000d5a80000,0x00000000d5c7b220,0x00000000d5c80000)
  to   space 7168K, 0% used [0x00000000d6200000,0x00000000d6200000,0x00000000d6900000)
 ParOldGen       total 1356800K, used 1356350K [0x0000000080000000, 0x00000000d2d00000, 0x00000000d5580000)
  object space 1356800K, 99% used [0x0000000080000000,0x00000000d2c8f8e0,0x00000000d2d00000)
 Metaspace       used 102666K, committed 104320K, reserved 1179648K
  class space    used 10309K, committed 11072K, reserved 1048576K
}
Event: 12287.829 GC heap before
{Heap before GC invocations=2722 (full 8):
 PSYoungGen      total 7168K, used 7148K [0x00000000d5580000, 0x00000000d6900000, 0x0000000100000000)
  eden space 5120K, 100% used [0x00000000d5580000,0x00000000d5a80000,0x00000000d5a80000)
  from space 2048K, 99% used [0x00000000d5a80000,0x00000000d5c7b220,0x00000000d5c80000)
  to   space 7168K, 0% used [0x00000000d6200000,0x00000000d6200000,0x00000000d6900000)
 ParOldGen       total 1356800K, used 1356350K [0x0000000080000000, 0x00000000d2d00000, 0x00000000d5580000)
  object space 1356800K, 99% used [0x0000000080000000,0x00000000d2c8f8e0,0x00000000d2d00000)
 Metaspace       used 102666K, committed 104320K, reserved 1179648K
  class space    used 10309K, committed 11072K, reserved 1048576K
}
Event: 12287.832 GC heap after
{Heap after GC invocations=2722 (full 8):
 PSYoungGen      total 9728K, used 3199K [0x00000000d5580000, 0x00000000d6580000, 0x0000000100000000)
  eden space 6144K, 0% used [0x00000000d5580000,0x00000000d5580000,0x00000000d5b80000)
  from space 3584K, 89% used [0x00000000d6200000,0x00000000d651ff10,0x00000000d6580000)
  to   space 4608K, 0% used [0x00000000d5c80000,0x00000000d5c80000,0x00000000d6100000)
 ParOldGen       total 1356800K, used 1356614K [0x0000000080000000, 0x00000000d2d00000, 0x00000000d5580000)
  object space 1356800K, 99% used [0x0000000080000000,0x00000000d2cd18e0,0x00000000d2d00000)
 Metaspace       used 102666K, committed 104320K, reserved 1179648K
  class space    used 10309K, committed 11072K, reserved 1048576K
}
Event: 12287.849 GC heap before
{Heap before GC invocations=2723 (full 8):
 PSYoungGen      total 9728K, used 9343K [0x00000000d5580000, 0x00000000d6580000, 0x0000000100000000)
  eden space 6144K, 100% used [0x00000000d5580000,0x00000000d5b80000,0x00000000d5b80000)
  from space 3584K, 89% used [0x00000000d6200000,0x00000000d651ff10,0x00000000d6580000)
  to   space 4608K, 0% used [0x00000000d5c80000,0x00000000d5c80000,0x00000000d6100000)
 ParOldGen       total 1356800K, used 1356614K [0x0000000080000000, 0x00000000d2d00000, 0x00000000d5580000)
  object space 1356800K, 99% used [0x0000000080000000,0x00000000d2cd18e0,0x00000000d2d00000)
 Metaspace       used 102666K, committed 104320K, reserved 1179648K
  class space    used 10309K, committed 11072K, reserved 1048576K
}
Event: 12290.055 GC heap after
{Heap after GC invocations=2723 (full 8):
 PSYoungGen      total 10752K, used 4608K [0x00000000d5580000, 0x00000000d6580000, 0x0000000100000000)
  eden space 6144K, 0% used [0x00000000d5580000,0x00000000d5580000,0x00000000d5b80000)
  from space 4608K, 100% used [0x00000000d5c80000,0x00000000d6100000,0x00000000d6100000)
  to   space 3584K, 0% used [0x00000000d6200000,0x00000000d6200000,0x00000000d6580000)
 ParOldGen       total 1361408K, used 1361198K [0x0000000080000000, 0x00000000d3180000, 0x00000000d5580000)
  object space 1361408K, 99% used [0x0000000080000000,0x00000000d314b810,0x00000000d3180000)
 Metaspace       used 102666K, committed 104320K, reserved 1179648K
  class space    used 10309K, committed 11072K, reserved 1048576K
}

Dll operation events (12 events):
Event: 0.015 Loaded shared library c:\Users\davi4\.windsurf\extensions\redhat.java-1.53.0-win32-x64\jre\21.0.10-win32-x86_64\bin\java.dll
Event: 0.117 Loaded shared library c:\Users\davi4\.windsurf\extensions\redhat.java-1.53.0-win32-x64\jre\21.0.10-win32-x86_64\bin\zip.dll
Event: 0.144 Loaded shared library C:\Users\davi4\.windsurf\extensions\redhat.java-1.53.0-win32-x64\jre\21.0.10-win32-x86_64\bin\instrument.dll
Event: 0.150 Loaded shared library C:\Users\davi4\.windsurf\extensions\redhat.java-1.53.0-win32-x64\jre\21.0.10-win32-x86_64\bin\net.dll
Event: 0.152 Loaded shared library C:\Users\davi4\.windsurf\extensions\redhat.java-1.53.0-win32-x64\jre\21.0.10-win32-x86_64\bin\nio.dll
Event: 0.157 Loaded shared library C:\Users\davi4\.windsurf\extensions\redhat.java-1.53.0-win32-x64\jre\21.0.10-win32-x86_64\bin\zip.dll
Event: 0.185 Loaded shared library C:\Users\davi4\.windsurf\extensions\redhat.java-1.53.0-win32-x64\jre\21.0.10-win32-x86_64\bin\jimage.dll
Event: 0.280 Loaded shared library c:\Users\davi4\.windsurf\extensions\redhat.java-1.53.0-win32-x64\jre\21.0.10-win32-x86_64\bin\verify.dll
Event: 6.743 Loaded shared library C:\Users\davi4\AppData\Roaming\Windsurf\User\globalStorage\redhat.java\1.53.0\config_win\org.eclipse.equinox.launcher\org.eclipse.equinox.launcher.win32.win32.x86_64_1.3.0.v20260203-2149\eclipse_11919.dll
Event: 11.031 Loaded shared library C:\Users\davi4\AppData\Local\Temp\jna-95358532\jna2872961118954142832.dll
Event: 13.373 Loaded shared library C:\Users\davi4\.windsurf\extensions\redhat.java-1.53.0-win32-x64\jre\21.0.10-win32-x86_64\bin\sunmscapi.dll
Event: 14.139 Loaded shared library C:\Users\davi4\.windsurf\extensions\redhat.java-1.53.0-win32-x64\jre\21.0.10-win32-x86_64\bin\extnet.dll

Deoptimization events (20 events):
Event: 12287.566 Thread 0x000001b8e8f581d0 Uncommon trap: trap_request=0xffffffd6 fr.pc=0x000001b8932eae7c relative=0x0000000000001dbc
Event: 12287.566 Thread 0x000001b8e8f581d0 Uncommon trap: reason=array_check action=maybe_recompile pc=0x000001b8932eae7c method=org.eclipse.core.internal.events.NodeIDMap.put(JLorg/eclipse/core/runtime/IPath;Lorg/eclipse/core/runtime/IPath;)V @ 113 c2
Event: 12287.566 Thread 0x000001b8e8f581d0 DEOPT PACKING pc=0x000001b8932eae7c sp=0x000000aaea3fe7f0
Event: 12287.566 Thread 0x000001b8e8f581d0 DEOPT UNPACKING pc=0x000001b8914d3aa2 sp=0x000000aaea3fe660 mode 2
Event: 12287.686 Thread 0x000001b8e9adf590 Uncommon trap: trap_request=0xffffffd6 fr.pc=0x000001b8932eae7c relative=0x0000000000001dbc
Event: 12287.686 Thread 0x000001b8e9adf590 Uncommon trap: reason=array_check action=maybe_recompile pc=0x000001b8932eae7c method=org.eclipse.core.internal.events.NodeIDMap.put(JLorg/eclipse/core/runtime/IPath;Lorg/eclipse/core/runtime/IPath;)V @ 113 c2
Event: 12287.686 Thread 0x000001b8e9adf590 DEOPT PACKING pc=0x000001b8932eae7c sp=0x000000aae9ffebc0
Event: 12287.686 Thread 0x000001b8e9adf590 DEOPT UNPACKING pc=0x000001b8914d3aa2 sp=0x000000aae9ffea30 mode 2
Event: 12287.696 Thread 0x000001b8e9adf590 Uncommon trap: trap_request=0xffffffd6 fr.pc=0x000001b8932eaf04 relative=0x0000000000001e44
Event: 12287.696 Thread 0x000001b8e9adf590 Uncommon trap: reason=array_check action=maybe_recompile pc=0x000001b8932eaf04 method=org.eclipse.core.internal.events.NodeIDMap.put(JLorg/eclipse/core/runtime/IPath;Lorg/eclipse/core/runtime/IPath;)V @ 113 c2
Event: 12287.696 Thread 0x000001b8e9adf590 DEOPT PACKING pc=0x000001b8932eaf04 sp=0x000000aae9ffe480
Event: 12287.696 Thread 0x000001b8e9adf590 DEOPT UNPACKING pc=0x000001b8914d3aa2 sp=0x000000aae9ffe230 mode 2
Event: 12287.759 Thread 0x000001b8e9adf590 Uncommon trap: trap_request=0xffffffde fr.pc=0x000001b8926c1ec4 relative=0x0000000000000da4
Event: 12287.759 Thread 0x000001b8e9adf590 Uncommon trap: reason=class_check action=maybe_recompile pc=0x000001b8926c1ec4 method=org.eclipse.jdt.internal.compiler.ast.TypeReference.internalResolveType(Lorg/eclipse/jdt/internal/compiler/lookup/Scope;I)Lorg/eclipse/jdt/internal/compiler/lookup/TypeB
Event: 12287.759 Thread 0x000001b8e9adf590 DEOPT PACKING pc=0x000001b8926c1ec4 sp=0x000000aae9ffe1b0
Event: 12287.759 Thread 0x000001b8e9adf590 DEOPT UNPACKING pc=0x000001b8914d3aa2 sp=0x000000aae9ffe198 mode 2
Event: 12287.789 Thread 0x000001b8e9adf590 Uncommon trap: trap_request=0xffffffd6 fr.pc=0x000001b8932eae7c relative=0x0000000000001dbc
Event: 12287.789 Thread 0x000001b8e9adf590 Uncommon trap: reason=array_check action=maybe_recompile pc=0x000001b8932eae7c method=org.eclipse.core.internal.events.NodeIDMap.put(JLorg/eclipse/core/runtime/IPath;Lorg/eclipse/core/runtime/IPath;)V @ 113 c2
Event: 12287.789 Thread 0x000001b8e9adf590 DEOPT PACKING pc=0x000001b8932eae7c sp=0x000000aae9ffe480
Event: 12287.789 Thread 0x000001b8e9adf590 DEOPT UNPACKING pc=0x000001b8914d3aa2 sp=0x000000aae9ffe2f0 mode 2

Classes loaded (20 events):
Event: 9254.194 Loading class jdk/internal/module/IllegalAccessLogger
Event: 9254.194 Loading class jdk/internal/module/IllegalAccessLogger done
Event: 10585.359 Loading class jdk/internal/icu/text/NormalizerBase$NFCModeImpl
Event: 10585.364 Loading class jdk/internal/icu/text/NormalizerBase$NFCModeImpl done
Event: 10585.369 Loading class java/nio/StringCharBuffer
Event: 10585.371 Loading class java/nio/StringCharBuffer done
Event: 11967.739 Loading class jdk/internal/module/IllegalAccessLogger
Event: 11967.740 Loading class jdk/internal/module/IllegalAccessLogger done
Event: 11970.484 Loading class jdk/internal/module/IllegalAccessLogger
Event: 11970.484 Loading class jdk/internal/module/IllegalAccessLogger done
Event: 11980.494 Loading class jdk/internal/module/IllegalAccessLogger
Event: 11980.494 Loading class jdk/internal/module/IllegalAccessLogger done
Event: 12200.297 Loading class jdk/internal/module/IllegalAccessLogger
Event: 12200.297 Loading class jdk/internal/module/IllegalAccessLogger done
Event: 12202.192 Loading class jdk/internal/module/IllegalAccessLogger
Event: 12202.192 Loading class jdk/internal/module/IllegalAccessLogger done
Event: 12203.834 Loading class java/nio/channels/CompletionHandler
Event: 12203.834 Loading class java/nio/channels/CompletionHandler done
Event: 12287.773 Loading class jdk/internal/module/IllegalAccessLogger
Event: 12287.773 Loading class jdk/internal/module/IllegalAccessLogger done

Classes unloaded (20 events):
Event: 11740.102 Thread 0x000001b886eceac0 Unloading class 0x000001b89f3d8000 'java/lang/invoke/LambdaForm$MH+0x000001b89f3d8000'
Event: 11740.102 Thread 0x000001b886eceac0 Unloading class 0x000001b89f3d4c00 'java/lang/invoke/LambdaForm$MH+0x000001b89f3d4c00'
Event: 11740.102 Thread 0x000001b886eceac0 Unloading class 0x000001b89f27bc00 'java/lang/invoke/LambdaForm$MH+0x000001b89f27bc00'
Event: 11740.102 Thread 0x000001b886eceac0 Unloading class 0x000001b89f27b800 'java/lang/invoke/LambdaForm$MH+0x000001b89f27b800'
Event: 11740.102 Thread 0x000001b886eceac0 Unloading class 0x000001b89f205c00 'java/lang/invoke/LambdaForm$MH+0x000001b89f205c00'
Event: 11740.102 Thread 0x000001b886eceac0 Unloading class 0x000001b89f205800 'java/lang/invoke/LambdaForm$MH+0x000001b89f205800'
Event: 11740.103 Thread 0x000001b886eceac0 Unloading class 0x000001b89f1dd400 'java/lang/invoke/LambdaForm$BMH+0x000001b89f1dd400'
Event: 11740.103 Thread 0x000001b886eceac0 Unloading class 0x000001b89f1af000 'java/lang/invoke/LambdaForm$MH+0x000001b89f1af000'
Event: 11740.103 Thread 0x000001b886eceac0 Unloading class 0x000001b89f1aec00 'java/lang/invoke/LambdaForm$MH+0x000001b89f1aec00'
Event: 11740.103 Thread 0x000001b886eceac0 Unloading class 0x000001b89f175000 'java/lang/invoke/LambdaForm$MH+0x000001b89f175000'
Event: 11740.103 Thread 0x000001b886eceac0 Unloading class 0x000001b89f174800 'java/lang/invoke/LambdaForm$MH+0x000001b89f174800'
Event: 11740.103 Thread 0x000001b886eceac0 Unloading class 0x000001b89f174400 'java/lang/invoke/LambdaForm$MH+0x000001b89f174400'
Event: 11740.103 Thread 0x000001b886eceac0 Unloading class 0x000001b89f16ec00 'java/lang/invoke/LambdaForm$MH+0x000001b89f16ec00'
Event: 11740.103 Thread 0x000001b886eceac0 Unloading class 0x000001b89f16e800 'java/lang/invoke/LambdaForm$MH+0x000001b89f16e800'
Event: 11740.103 Thread 0x000001b886eceac0 Unloading class 0x000001b89f16e000 'java/lang/invoke/LambdaForm$MH+0x000001b89f16e000'
Event: 11740.103 Thread 0x000001b886eceac0 Unloading class 0x000001b89f081800 'java/lang/invoke/LambdaForm$MH+0x000001b89f081800'
Event: 11740.103 Thread 0x000001b886eceac0 Unloading class 0x000001b89f080400 'java/lang/invoke/LambdaForm$MH+0x000001b89f080400'
Event: 11740.103 Thread 0x000001b886eceac0 Unloading class 0x000001b89f080000 'java/lang/invoke/LambdaForm$MH+0x000001b89f080000'
Event: 11740.103 Thread 0x000001b886eceac0 Unloading class 0x000001b89f014800 'java/lang/invoke/LambdaForm$MH+0x000001b89f014800'
Event: 11740.103 Thread 0x000001b886eceac0 Unloading class 0x000001b89f000400 'java/lang/invoke/LambdaForm$MH+0x000001b89f000400'

Classes redefined (0 events):
No events

Internal exceptions (20 events):
Event: 11980.491 Thread 0x000001b8e190e430 Implicit null exception at 0x000001b8927bb5bd to 0x000001b8927be8e8
Event: 11980.492 Thread 0x000001b8e190e430 Implicit null exception at 0x000001b8928e36d9 to 0x000001b8928e5804
Event: 11980.688 Thread 0x000001b8e64f6060 Exception <a 'sun/nio/fs/WindowsException'{0x00000000d56f7eb8}> (0x00000000d56f7eb8) 
thrown [s\src\hotspot\share\prims\jni.cpp, line 520]
Event: 12199.936 Thread 0x000001b8e64f6060 Exception <a 'sun/nio/fs/WindowsException'{0x00000000d58e16d8}> (0x00000000d58e16d8) 
thrown [s\src\hotspot\share\prims\jni.cpp, line 520]
Event: 12200.216 Thread 0x000001b8e64f6060 Exception <a 'sun/nio/fs/WindowsException'{0x00000000d55e2b60}> (0x00000000d55e2b60) 
thrown [s\src\hotspot\share\prims\jni.cpp, line 520]
Event: 12200.299 Thread 0x000001b8e88385b0 Exception <a 'java/lang/NoSuchMethodError'{0x00000000d5827fa8}: 'int java.lang.invoke.DirectMethodHandle$Holder.invokeVirtual(java.lang.Object, java.lang.Object, java.lang.Object, int)'> (0x00000000d5827fa8) 
thrown [s\src\hotspot\share\interpreter\linkResolver.cpp, line 773]
Event: 12200.340 Thread 0x000001b8e9adad60 Exception <a 'sun/nio/fs/WindowsException'{0x00000000d5920d00}> (0x00000000d5920d00) 
thrown [s\src\hotspot\share\prims\jni.cpp, line 520]
Event: 12200.350 Thread 0x000001b8e9adad60 Exception <a 'sun/nio/fs/WindowsException'{0x00000000d59606d8}> (0x00000000d59606d8) 
thrown [s\src\hotspot\share\prims\jni.cpp, line 520]
Event: 12202.183 Thread 0x000001b8e9adf590 Implicit null exception at 0x000001b89313ed9d to 0x000001b8931406de
Event: 12203.300 Thread 0x000001b8e64f6060 Exception <a 'sun/nio/fs/WindowsException'{0x00000000d598bc90}> (0x00000000d598bc90) 
thrown [s\src\hotspot\share\prims\jni.cpp, line 520]
Event: 12203.641 Thread 0x000001b8e64f6060 Exception <a 'sun/nio/fs/WindowsException'{0x00000000d5618f30}> (0x00000000d5618f30) 
thrown [s\src\hotspot\share\prims\jni.cpp, line 520]
Event: 12267.571 Thread 0x000001b8e9adad60 Exception <a 'sun/nio/fs/WindowsException'{0x00000000d567b668}> (0x00000000d567b668) 
thrown [s\src\hotspot\share\prims\jni.cpp, line 520]
Event: 12267.571 Thread 0x000001b8e9adad60 Exception <a 'sun/nio/fs/WindowsException'{0x00000000d567c218}> (0x00000000d567c218) 
thrown [s\src\hotspot\share\prims\jni.cpp, line 520]
Event: 12267.609 Thread 0x000001b8e9adad60 Exception <a 'java/lang/NoSuchMethodError'{0x00000000d5850308}: static Lorg/eclipse/m2e/core/internal/lifecyclemapping/model/PluginExecutionMetadata;.<clinit>()V> (0x00000000d5850308) 
thrown [s\src\hotspot\share\prims\jni.cpp, line 1111]
Event: 12267.612 Thread 0x000001b8e9adad60 Exception <a 'java/lang/NoSuchMethodError'{0x00000000d587aa68}: static Lorg/eclipse/m2e/core/internal/lifecyclemapping/model/PluginExecutionFilter;.<clinit>()V> (0x00000000d587aa68) 
thrown [s\src\hotspot\share\prims\jni.cpp, line 1111]
Event: 12267.613 Thread 0x000001b8e9adad60 Exception <a 'java/lang/NoSuchMethodError'{0x00000000d5893c28}: static Lorg/eclipse/m2e/core/internal/project/registry/MavenProjectFacade$MavenProjectConfiguration;.<clinit>()V> (0x00000000d5893c28) 
thrown [s\src\hotspot\share\prims\jni.cpp, line 1111]
Event: 12267.614 Thread 0x000001b8e9adad60 Exception <a 'java/lang/NoSuchMethodError'{0x00000000d58b5b48}: static [J.<clinit>()V> (0x00000000d58b5b48) 
thrown [s\src\hotspot\share\prims\jni.cpp, line 1111]
Event: 12285.143 Thread 0x000001b8e64f6060 Exception <a 'sun/nio/fs/WindowsException'{0x00000000d5cfbea8}> (0x00000000d5cfbea8) 
thrown [s\src\hotspot\share\prims\jni.cpp, line 520]
Event: 12285.426 Thread 0x000001b8e64f6060 Exception <a 'sun/nio/fs/WindowsException'{0x00000000d558ed98}> (0x00000000d558ed98) 
thrown [s\src\hotspot\share\prims\jni.cpp, line 520]
Event: 12287.602 Thread 0x000001b8e64f6060 Exception <a 'sun/nio/fs/WindowsException'{0x00000000d5585e68}> (0x00000000d5585e68) 
thrown [s\src\hotspot\share\prims\jni.cpp, line 520]

ZGC Phase Switch (0 events):
No events

VM Operations (20 events):
Event: 12287.635 Executing safepoint VM operation: ParallelGCFailedAllocation (Allocation Failure)
Event: 12287.638 Executing safepoint VM operation: ParallelGCFailedAllocation (Allocation Failure) done
Event: 12287.643 Executing safepoint VM operation: ParallelGCFailedAllocation (Allocation Failure)
Event: 12287.646 Executing safepoint VM operation: ParallelGCFailedAllocation (Allocation Failure) done
Event: 12287.652 Executing safepoint VM operation: ParallelGCFailedAllocation (Allocation Failure)
Event: 12287.655 Executing safepoint VM operation: ParallelGCFailedAllocation (Allocation Failure) done
Event: 12287.661 Executing safepoint VM operation: ParallelGCFailedAllocation (Allocation Failure)
Event: 12287.663 Executing safepoint VM operation: ParallelGCFailedAllocation (Allocation Failure) done
Event: 12287.677 Executing safepoint VM operation: ParallelGCFailedAllocation (Allocation Failure)
Event: 12287.682 Executing safepoint VM operation: ParallelGCFailedAllocation (Allocation Failure) done
Event: 12287.715 Executing safepoint VM operation: ParallelGCFailedAllocation (Allocation Failure)
Event: 12287.722 Executing safepoint VM operation: ParallelGCFailedAllocation (Allocation Failure) done
Event: 12287.738 Executing safepoint VM operation: ParallelGCFailedAllocation (Allocation Failure)
Event: 12287.744 Executing safepoint VM operation: ParallelGCFailedAllocation (Allocation Failure) done
Event: 12287.759 Executing safepoint VM operation: ParallelGCFailedAllocation (Allocation Failure)
Event: 12287.766 Executing safepoint VM operation: ParallelGCFailedAllocation (Allocation Failure) done
Event: 12287.829 Executing safepoint VM operation: ParallelGCFailedAllocation (Allocation Failure)
Event: 12287.832 Executing safepoint VM operation: ParallelGCFailedAllocation (Allocation Failure) done
Event: 12287.849 Executing safepoint VM operation: ParallelGCFailedAllocation (Allocation Failure)
Event: 12290.055 Executing safepoint VM operation: ParallelGCFailedAllocation (Allocation Failure) done

Memory protections (0 events):
No events

Nmethod flushes (20 events):
Event: 11740.343 Thread 0x000001b886eceac0 flushing  nmethod 0x000001b88d2b2690
Event: 11740.343 Thread 0x000001b886eceac0 flushing  nmethod 0x000001b88d2bb290
Event: 11740.343 Thread 0x000001b886eceac0 flushing  nmethod 0x000001b88d2c6310
Event: 11740.343 Thread 0x000001b886eceac0 flushing  nmethod 0x000001b88d2e4190
Event: 11740.343 Thread 0x000001b886eceac0 flushing  nmethod 0x000001b88d2e4790
Event: 11740.343 Thread 0x000001b886eceac0 flushing  nmethod 0x000001b88d2f5910
Event: 11740.343 Thread 0x000001b886eceac0 flushing  nmethod 0x000001b88d2f5d10
Event: 11740.343 Thread 0x000001b886eceac0 flushing  nmethod 0x000001b88d2f8590
Event: 11740.343 Thread 0x000001b886eceac0 flushing  nmethod 0x000001b88d2f9d90
Event: 11740.343 Thread 0x000001b886eceac0 flushing  nmethod 0x000001b88d306810
Event: 11740.343 Thread 0x000001b886eceac0 flushing  nmethod 0x000001b88d306c10
Event: 11740.343 Thread 0x000001b886eceac0 flushing  nmethod 0x000001b88d307d90
Event: 11740.343 Thread 0x000001b886eceac0 flushing  nmethod 0x000001b88d309090
Event: 11740.343 Thread 0x000001b886eceac0 flushing  nmethod 0x000001b88d30ab10
Event: 11740.343 Thread 0x000001b886eceac0 flushing  nmethod 0x000001b88d30b790
Event: 11740.343 Thread 0x000001b886eceac0 flushing  nmethod 0x000001b88d30d890
Event: 11740.343 Thread 0x000001b886eceac0 flushing  nmethod 0x000001b88d30ea10
Event: 11740.343 Thread 0x000001b886eceac0 flushing  nmethod 0x000001b88d313610
Event: 11740.343 Thread 0x000001b886eceac0 flushing  nmethod 0x000001b88d313b10
Event: 11740.343 Thread 0x000001b886eceac0 flushing  nmethod 0x000001b88d327490

Events (20 events):
Event: 12204.257 Thread 0x000001b8e9fa5860 Thread exited: 0x000001b8e9fa5860
Event: 12204.270 Thread 0x000001b8e79a06a0 Thread exited: 0x000001b8e79a06a0
Event: 12209.369 Thread 0x000001b8e88f7760 Thread exited: 0x000001b8e88f7760
Event: 12209.369 Thread 0x000001b8fd4f4750 Thread exited: 0x000001b8fd4f4750
Event: 12214.371 Thread 0x000001b8fd4f4e20 Thread exited: 0x000001b8fd4f4e20
Event: 12214.371 Thread 0x000001b8e88f8bd0 Thread exited: 0x000001b8e88f8bd0
Event: 12219.372 Thread 0x000001b8fd4f39b0 Thread exited: 0x000001b8fd4f39b0
Event: 12219.372 Thread 0x000001b8ea8d99d0 Thread exited: 0x000001b8ea8d99d0
Event: 12219.372 Thread 0x000001b8fd4f4080 Thread exited: 0x000001b8fd4f4080
Event: 12231.074 Thread 0x000001b8e8837f20 Thread added: 0x000001b8e8f57b40
Event: 12231.075 Thread 0x000001b8e8f57b40 Thread added: 0x000001b8e8f56790
Event: 12263.781 Thread 0x000001b8e8f574b0 Thread exited: 0x000001b8e8f574b0
Event: 12267.563 Thread 0x000001b8e9adad60 Thread added: 0x000001b8e8f5a2a0
Event: 12267.565 Thread 0x000001b8e8f5a2a0 Thread exited: 0x000001b8e8f5a2a0
Event: 12267.572 Thread 0x000001b8e9adad60 Thread added: 0x000001b8e8f574b0
Event: 12267.573 Thread 0x000001b8e8f574b0 Thread exited: 0x000001b8e8f574b0
Event: 12285.225 Thread 0x000001b886ee0880 Thread added: 0x000001b8ebbb0130
Event: 12285.225 Thread 0x000001b886ee0880 Thread added: 0x000001b8ebbae5f0
Event: 12287.567 Thread 0x000001b8ebbae5f0 Thread exited: 0x000001b8ebbae5f0
Event: 12287.775 Thread 0x000001b8e9adf590 Thread added: 0x000001b8e8f56e20


Dynamic libraries:
0x00007ff759140000 - 0x00007ff75914e000 	c:\Users\davi4\.windsurf\extensions\redhat.java-1.53.0-win32-x64\jre\21.0.10-win32-x86_64\bin\java.exe
0x00007ffbbcf40000 - 0x00007ffbbd1a7000 	C:\WINDOWS\SYSTEM32\ntdll.dll
0x00007ffbbbf80000 - 0x00007ffbbc049000 	C:\WINDOWS\System32\KERNEL32.DLL
0x00007ffbba6b0000 - 0x00007ffbbaaa1000 	C:\WINDOWS\System32\KERNELBASE.dll
0x00007ffbba150000 - 0x00007ffbba29b000 	C:\WINDOWS\System32\ucrtbase.dll
0x00007ffb709d0000 - 0x00007ffb709e8000 	c:\Users\davi4\.windsurf\extensions\redhat.java-1.53.0-win32-x64\jre\21.0.10-win32-x86_64\bin\jli.dll
0x00007ffb73290000 - 0x00007ffb732ae000 	c:\Users\davi4\.windsurf\extensions\redhat.java-1.53.0-win32-x64\jre\21.0.10-win32-x86_64\bin\VCRUNTIME140.dll
0x00007ffbbb4f0000 - 0x00007ffbbb6b5000 	C:\WINDOWS\System32\USER32.dll
0x00007ffbba5d0000 - 0x00007ffbba5f7000 	C:\WINDOWS\System32\win32u.dll
0x00007ffb9f3c0000 - 0x00007ffb9f653000 	C:\WINDOWS\WinSxS\amd64_microsoft.windows.common-controls_6595b64144ccf1df_6.0.26100.8037_none_3e092faae333b53b\COMCTL32.dll
0x00007ffbbc300000 - 0x00007ffbbc32b000 	C:\WINDOWS\System32\GDI32.dll
0x00007ffbbb820000 - 0x00007ffbbb8c9000 	C:\WINDOWS\System32\msvcrt.dll
0x00007ffbba330000 - 0x00007ffbba45b000 	C:\WINDOWS\System32\gdi32full.dll
0x00007ffbba600000 - 0x00007ffbba6a3000 	C:\WINDOWS\System32\msvcp_win.dll
0x00007ffbbae70000 - 0x00007ffbbaea1000 	C:\WINDOWS\System32\IMM32.DLL
0x00007ffb9d0e0000 - 0x00007ffb9d0ec000 	c:\Users\davi4\.windsurf\extensions\redhat.java-1.53.0-win32-x64\jre\21.0.10-win32-x86_64\bin\vcruntime140_1.dll
0x00007ffb5a260000 - 0x00007ffb5a2ed000 	c:\Users\davi4\.windsurf\extensions\redhat.java-1.53.0-win32-x64\jre\21.0.10-win32-x86_64\bin\msvcp140.dll
0x00007ffae3d10000 - 0x00007ffae4ab1000 	c:\Users\davi4\.windsurf\extensions\redhat.java-1.53.0-win32-x64\jre\21.0.10-win32-x86_64\bin\server\jvm.dll
0x00007ffbbc0c0000 - 0x00007ffbbc17b000 	C:\WINDOWS\System32\ADVAPI32.dll
0x00007ffbbace0000 - 0x00007ffbbad87000 	C:\WINDOWS\System32\sechost.dll
0x00007ffbbc330000 - 0x00007ffbbc448000 	C:\WINDOWS\System32\RPCRT4.dll
0x00007ffbbce70000 - 0x00007ffbbcee4000 	C:\WINDOWS\System32\WS2_32.dll
0x00007ffbab1a0000 - 0x00007ffbab1d5000 	C:\WINDOWS\SYSTEM32\WINMM.dll
0x00007ffbb9680000 - 0x00007ffbb96de000 	C:\WINDOWS\SYSTEM32\POWRPROF.dll
0x00007ffbb14b0000 - 0x00007ffbb14bb000 	C:\WINDOWS\SYSTEM32\VERSION.dll
0x00007ffbb9660000 - 0x00007ffbb9674000 	C:\WINDOWS\SYSTEM32\UMPDC.dll
0x00007ffbb8570000 - 0x00007ffbb858b000 	C:\WINDOWS\SYSTEM32\kernel.appcore.dll
0x00007ffb70390000 - 0x00007ffb7039a000 	c:\Users\davi4\.windsurf\extensions\redhat.java-1.53.0-win32-x64\jre\21.0.10-win32-x86_64\bin\jimage.dll
0x00007ffba2570000 - 0x00007ffba27b2000 	C:\WINDOWS\SYSTEM32\DBGHELP.DLL
0x00007ffbbaeb0000 - 0x00007ffbbb232000 	C:\WINDOWS\System32\combase.dll
0x00007ffbbad90000 - 0x00007ffbbae67000 	C:\WINDOWS\System32\OLEAUT32.dll
0x00007ffb9e3b0000 - 0x00007ffb9e3eb000 	C:\WINDOWS\SYSTEM32\dbgcore.DLL
0x00007ffbbac30000 - 0x00007ffbbacd5000 	C:\WINDOWS\System32\bcryptPrimitives.dll
0x00007ffb702d0000 - 0x00007ffb702df000 	c:\Users\davi4\.windsurf\extensions\redhat.java-1.53.0-win32-x64\jre\21.0.10-win32-x86_64\bin\instrument.dll
0x00007ffb70210000 - 0x00007ffb70230000 	c:\Users\davi4\.windsurf\extensions\redhat.java-1.53.0-win32-x64\jre\21.0.10-win32-x86_64\bin\java.dll
0x00007ffbbc450000 - 0x00007ffbbcbaf000 	C:\WINDOWS\System32\SHELL32.dll
0x00007ffbba460000 - 0x00007ffbba5ca000 	C:\WINDOWS\System32\wintypes.dll
0x00007ffbb98e0000 - 0x00007ffbba144000 	C:\WINDOWS\System32\windows.storage.dll
0x00007ffbbb8d0000 - 0x00007ffbbb9c7000 	C:\WINDOWS\System32\SHCORE.dll
0x00007ffbbc050000 - 0x00007ffbbc0b7000 	C:\WINDOWS\System32\shlwapi.dll
0x00007ffbb9740000 - 0x00007ffbb9769000 	C:\WINDOWS\SYSTEM32\profapi.dll
0x00007ffb6fdb0000 - 0x00007ffb6fdc8000 	c:\Users\davi4\.windsurf\extensions\redhat.java-1.53.0-win32-x64\jre\21.0.10-win32-x86_64\bin\zip.dll
0x00007ffb6fa60000 - 0x00007ffb6fa70000 	C:\Users\davi4\.windsurf\extensions\redhat.java-1.53.0-win32-x64\jre\21.0.10-win32-x86_64\bin\net.dll
0x00007ffbb2c50000 - 0x00007ffbb2d77000 	C:\WINDOWS\SYSTEM32\WINHTTP.dll
0x00007ffbb8ac0000 - 0x00007ffbb8b2b000 	C:\WINDOWS\system32\mswsock.dll
0x00007ffb6cc50000 - 0x00007ffb6cc66000 	C:\Users\davi4\.windsurf\extensions\redhat.java-1.53.0-win32-x64\jre\21.0.10-win32-x86_64\bin\nio.dll
0x00007ffb6e120000 - 0x00007ffb6e130000 	c:\Users\davi4\.windsurf\extensions\redhat.java-1.53.0-win32-x64\jre\21.0.10-win32-x86_64\bin\verify.dll
0x00007ffb6e1e0000 - 0x00007ffb6e225000 	C:\Users\davi4\AppData\Roaming\Windsurf\User\globalStorage\redhat.java\1.53.0\config_win\org.eclipse.equinox.launcher\org.eclipse.equinox.launcher.win32.win32.x86_64_1.3.0.v20260203-2149\eclipse_11919.dll
0x00007ffbbb290000 - 0x00007ffbbb425000 	C:\WINDOWS\System32\ole32.dll
0x00007ffbb8ec0000 - 0x00007ffbb8edb000 	C:\WINDOWS\SYSTEM32\CRYPTSP.dll
0x00007ffbb84d0000 - 0x00007ffbb8509000 	C:\WINDOWS\system32\rsaenh.dll
0x00007ffbb8b70000 - 0x00007ffbb8ba2000 	C:\WINDOWS\SYSTEM32\USERENV.dll
0x00007ffbb9710000 - 0x00007ffbb973a000 	C:\WINDOWS\SYSTEM32\bcrypt.dll
0x00007ffbb8d20000 - 0x00007ffbb8d2c000 	C:\WINDOWS\SYSTEM32\CRYPTBASE.dll
0x00007ffbb7f60000 - 0x00007ffbb7f93000 	C:\WINDOWS\SYSTEM32\IPHLPAPI.DLL
0x00007ffbbbef0000 - 0x00007ffbbbefa000 	C:\WINDOWS\System32\NSI.dll
0x00007ffb6c820000 - 0x00007ffb6c869000 	C:\Users\davi4\AppData\Local\Temp\jna-95358532\jna2872961118954142832.dll
0x00007ffbbcef0000 - 0x00007ffbbcef8000 	C:\WINDOWS\System32\PSAPI.DLL
0x00007ffbb2b80000 - 0x00007ffbb2b9d000 	C:\WINDOWS\SYSTEM32\dhcpcsvc6.DLL
0x00007ffbb2b50000 - 0x00007ffbb2b73000 	C:\WINDOWS\SYSTEM32\dhcpcsvc.DLL
0x00007ffb8f060000 - 0x00007ffb8f06e000 	C:\Users\davi4\.windsurf\extensions\redhat.java-1.53.0-win32-x64\jre\21.0.10-win32-x86_64\bin\sunmscapi.dll
0x00007ffbbaab0000 - 0x00007ffbbac27000 	C:\WINDOWS\System32\CRYPT32.dll
0x00007ffbb9020000 - 0x00007ffbb9050000 	C:\WINDOWS\SYSTEM32\ncrypt.dll
0x00007ffbb8fd0000 - 0x00007ffbb900f000 	C:\WINDOWS\SYSTEM32\NTASN1.dll
0x00007ffbb7fa0000 - 0x00007ffbb80ca000 	C:\WINDOWS\SYSTEM32\DNSAPI.dll
0x00007ffbb0b40000 - 0x00007ffbb0b4b000 	C:\Windows\System32\rasadhlp.dll
0x00007ffbb1f10000 - 0x00007ffbb1f96000 	C:\WINDOWS\System32\fwpuclnt.dll
0x00007ffb8f050000 - 0x00007ffb8f059000 	C:\Users\davi4\.windsurf\extensions\redhat.java-1.53.0-win32-x64\jre\21.0.10-win32-x86_64\bin\extnet.dll
0x00007ffbb8690000 - 0x00007ffbb86c6000 	C:\WINDOWS\SYSTEM32\ntmarta.dll
0x00007ffb63c80000 - 0x00007ffb63c88000 	C:\WINDOWS\system32\wshunix.dll

JVMTI agents:
c:\Users\davi4\.windsurf\extensions\redhat.java-1.53.0-win32-x64\lombok\lombok-1.18.39-4050.jar path:c:\Users\davi4\.windsurf\extensions\redhat.java-1.53.0-win32-x64\jre\21.0.10-win32-x86_64\bin\instrument.dll, loaded, initialized, instrumentlib options:none

dbghelp: loaded successfully - version: 4.0.5 - missing functions: none
symbol engine: initialized successfully - sym options: 0x614 - pdb path: .;c:\Users\davi4\.windsurf\extensions\redhat.java-1.53.0-win32-x64\jre\21.0.10-win32-x86_64\bin;C:\WINDOWS\SYSTEM32;C:\WINDOWS\WinSxS\amd64_microsoft.windows.common-controls_6595b64144ccf1df_6.0.26100.8037_none_3e092faae333b53b;c:\Users\davi4\.windsurf\extensions\redhat.java-1.53.0-win32-x64\jre\21.0.10-win32-x86_64\bin\server;C:\Users\davi4\AppData\Roaming\Windsurf\User\globalStorage\redhat.java\1.53.0\config_win\org.eclipse.equinox.launcher\org.eclipse.equinox.launcher.win32.win32.x86_64_1.3.0.v20260203-2149;C:\Users\davi4\AppData\Local\Temp\jna-95358532

VM Arguments:
jvm_args: --add-modules=ALL-SYSTEM --add-opens=java.base/java.util=ALL-UNNAMED --add-opens=java.base/java.lang=ALL-UNNAMED --add-opens=java.base/sun.nio.fs=ALL-UNNAMED -Declipse.application=org.eclipse.jdt.ls.core.id1 -Dosgi.bundles.defaultStartLevel=4 -Declipse.product=org.eclipse.jdt.ls.core.product -Djava.import.generatesMetadataFilesAtProjectRoot=false -DDetectVMInstallationsJob.disabled=true -Dfile.encoding=utf8 -XX:+UseParallelGC -XX:GCTimeRatio=4 -XX:AdaptiveSizePolicyWeight=90 -Dsun.zip.disableMemoryMapping=true -Xmx2G -Xms100m -Xlog:disable -javaagent:c:\Users\davi4\.windsurf\extensions\redhat.java-1.53.0-win32-x64\lombok\lombok-1.18.39-4050.jar -XX:+HeapDumpOnOutOfMemoryError -XX:HeapDumpPath=c:\Users\davi4\AppData\Roaming\Windsurf\User\workspaceStorage\6f84abe01a6980b6e66c6f0ba35945eb\redhat.java -Daether.dependencyCollector.impl=bf 
java_command: c:\Users\davi4\.windsurf\extensions\redhat.java-1.53.0-win32-x64\server\plugins\org.eclipse.equinox.launcher_1.7.100.v20251111-0406.jar -configuration c:\Users\davi4\AppData\Roaming\Windsurf\User\globalStorage\redhat.java\1.53.0\config_win -data c:\Users\davi4\AppData\Roaming\Windsurf\User\workspaceStorage\6f84abe01a6980b6e66c6f0ba35945eb\redhat.java\jdt_ws --pipe=\\.\pipe\lsp-8d94f710b5d380f79682eba6c5c46adb-sock
java_class_path (initial): c:\Users\davi4\.windsurf\extensions\redhat.java-1.53.0-win32-x64\server\plugins\org.eclipse.equinox.launcher_1.7.100.v20251111-0406.jar
Launcher Type: SUN_STANDARD

[Global flags]
    uintx AdaptiveSizePolicyWeight                 = 90                                        {product} {command line}
     intx CICompilerCount                          = 12                                        {product} {ergonomic}
    uintx GCTimeRatio                              = 4                                         {product} {command line}
     bool HeapDumpOnOutOfMemoryError               = true                                   {manageable} {command line}
    ccstr HeapDumpPath                             = c:\Users\davi4\AppData\Roaming\Windsurf\User\workspaceStorage\6f84abe01a6980b6e66c6f0ba35945eb\redhat.java         {manageable} {command line}
   size_t InitialHeapSize                          = 104857600                                 {product} {command line}
   size_t MaxHeapSize                              = 2147483648                                {product} {command line}
   size_t MaxNewSize                               = 715653120                                 {product} {ergonomic}
   size_t MinHeapDeltaBytes                        = 524288                                    {product} {ergonomic}
   size_t MinHeapSize                              = 104857600                                 {product} {command line}
   size_t NewSize                                  = 34603008                                  {product} {ergonomic}
    uintx NonNMethodCodeHeapSize                   = 7602480                                {pd product} {ergonomic}
    uintx NonProfiledCodeHeapSize                  = 122027880                              {pd product} {ergonomic}
   size_t OldSize                                  = 70254592                                  {product} {ergonomic}
    uintx ProfiledCodeHeapSize                     = 122027880                              {pd product} {ergonomic}
    uintx ReservedCodeCacheSize                    = 251658240                              {pd product} {ergonomic}
     bool SegmentedCodeCache                       = true                                      {product} {ergonomic}
   size_t SoftMaxHeapSize                          = 2147483648                             {manageable} {ergonomic}
     bool UseCompressedOops                        = true                           {product lp64_product} {ergonomic}
     bool UseLargePagesIndividualAllocation        = false                                  {pd product} {ergonomic}
     bool UseParallelGC                            = true                                      {product} {command line}

Logging:
Log output configuration:
 #0: stdout all=off uptime,level,tags foldmultilines=false
 #1: stderr all=off uptime,level,tags foldmultilines=false

Release file:
JAVA_VERSION="21.0.10" 
MODULES="java.base java.compiler java.datatransfer java.xml java.prefs java.desktop java.instrument java.logging java.management java.security.sasl java.naming java.rmi java.management.rmi java.net.http java.scripting java.security.jgss java.transaction.xa java.sql java.sql.rowset java.xml.crypto java.se java.smartcardio jdk.accessibility jdk.internal.jvmstat jdk.attach jdk.charsets jdk.internal.opt jdk.zipfs jdk.compiler jdk.crypto.ec jdk.crypto.cryptoki jdk.crypto.mscapi jdk.dynalink jdk.internal.ed jdk.editpad jdk.hotspot.agent jdk.httpserver jdk.internal.le jdk.internal.vm.ci jdk.internal.vm.compiler jdk.internal.vm.compiler.management jdk.jartool jdk.javadoc jdk.jcmd jdk.management jdk.management.agent jdk.jconsole jdk.jdeps jdk.jdwp.agent jdk.jdi jdk.jfr jdk.jshell jdk.jsobject jdk.jstatd jdk.localedata jdk.management.jfr jdk.naming.dns jdk.naming.rmi jdk.net jdk.nio.mapmode jdk.random jdk.sctp jdk.security.auth jdk.security.jgss jdk.unsupported jdk.unsupported.desktop jdk.xml.dom" 

Environment Variables:
JAVA_HOME=C:\Program Files\Amazon Corretto\jdk21.0.8_9
PATH=C:\Program Files\Amazon Corretto\jdk21.0.8_9\bin;C:\Program Files\Common Files\Oracle\Java\javapath;C:\Program Files (x86)\Common Files\Oracle\Java\javapath;C:\app\davi4\product\18.0.0\dbhomeXE\bin;C:\WINDOWS\system32;C:\WINDOWS;C:\WINDOWS\System32\Wbem;C:\WINDOWS\System32\WindowsPowerShell\v1.0\;C:\WINDOWS\System32\OpenSSH\;C:\Program Files (x86)\NVIDIA Corporation\PhysX\Common;C:\Program Files\Git\cmd;;C:\Program Files\Docker\Docker\resources\bin;C:\composer;C:\AppServ\php7;C:\Program Files\Java\jdk1.8.0_111\bin;C:\Program Files\nodejs\;C:\Program Files\NVIDIA Corporation\NVIDIA app\NvDLISR;C:\Users\davi4\.console-ninja\.bin;C:\Users\davi4\AppData\Local\Microsoft\WindowsApps;C:\Users\davi4\AppData\Roaming\nvm;C:\Program Files\nodejs;C:\Users\davi4\AppData\Local\Programs\Microsoft VS Code\bin;C:\Users\davi4\AppData\Local\GitHubDesktop\bin;C:\Program Files\JetBrains\IntelliJ IDEA Community Edition 2025.2.2\bin;C:\Users\davi4\AppData\Roaming\Composer\vendor\bin;C:\AppServ\Apache24\bin;C:\AppServ\php7;C:\AppServ\MySQL\bin;C:\Program Files\Java\jdk-17;C:\flutter\bin;C:\Users\davi4\AppData\Roaming\npm;C:\Users\davi4\AppData\Local\Microsoft\WindowsApps;C:\Users\davi4\AppData\Local\Programs\cursor\resources\app\bin;C:\Users\davi4\AppData\Local\Programs\Windsurf\bin
USERNAME=davi4
OS=Windows_NT
PROCESSOR_IDENTIFIER=AMD64 Family 23 Model 113 Stepping 0, AuthenticAMD
TMP=C:\Users\davi4\AppData\Local\Temp
TEMP=C:\Users\davi4\AppData\Local\Temp




Periodic native trim disabled

---------------  S Y S T E M  ---------------

OS:
 Windows 11 , 64 bit Build 26100 (10.0.26100.7920)
OS uptime: 0 days 8:42 hours
Hyper-V role detected

CPU: total 16 (initial active 16) (16 cores per cpu, 2 threads per core) family 23 model 113 stepping 0 microcode 0x8701013, cx8, cmov, fxsr, ht, mmx, 3dnowpref, sse, sse2, sse3, ssse3, sse4a, sse4.1, sse4.2, popcnt, lzcnt, tsc, tscinvbit, avx, avx2, aes, clmul, bmi1, bmi2, adx, sha, fma, vzeroupper, clflush, clflushopt, hv, rdtscp, rdpid, f16c
Processor Information for the first 16 processors :
  Max Mhz: 3593, Current Mhz: 3593, Mhz Limit: 3593

Memory: 4k page, system-wide physical 32719M (1180M free)
TotalPageFile size 89772M (AvailPageFile size 2M)
current process WorkingSet (physical memory assigned to process): 1148M, peak: 1737M
current process commit charge ("private bytes"): 1761M, peak: 1907M

vm_info: OpenJDK 64-Bit Server VM (21.0.10+7-LTS) for windows-amd64 JRE (21.0.10+7-LTS), built on 2026-01-20T00:00:00Z by "admin" with MS VC++ 17.12 (VS2022)

END.
